Log file open, 11/08/21 17:38:13
LogWindows: Failed to load 'aqProf.dll' (GetLastError=126)
LogWindows: File 'aqProf.dll' does not exist
LogWindows: Failed to load 'VtuneApi.dll' (GetLastError=126)
LogWindows: File 'VtuneApi.dll' does not exist
LogWindows: Failed to load 'VtuneApi32e.dll' (GetLastError=126)
LogWindows: File 'VtuneApi32e.dll' does not exist
LogConsoleResponse: Display: Failed to find resolution value strings in scalability ini. Falling back to default.
LogConsoleResponse: Display: Failed to find resolution value strings in scalability ini. Falling back to default.
LogInit: Display: Running engine for game: SquidGame
LogPlatformFile: Not using cached read wrapper
LogTaskGraph: Started task graph with 5 named threads and 23 total threads with 3 sets of task threads.
LogStats: Stats thread started at 0.207344
LogICUInternationalization: ICU TimeZone Detection - Raw Offset: +9:00, Platform Override: ''
LogInit: Display: Loading text-based GConfig....
LogPluginManager: Mounting plugin MeshPainting
LogPluginManager: Mounting plugin XGEController
LogPluginManager: Mounting plugin Paper2D
LogPluginManager: Mounting plugin LiveLink
LogPluginManager: Mounting plugin AISupport
LogPluginManager: Mounting plugin EnvironmentQueryEditor
LogPluginManager: Mounting plugin CameraShakePreviewer
LogPluginManager: Mounting plugin LightPropagationVolume
LogPluginManager: Mounting plugin AnimationSharing
LogPluginManager: Mounting plugin CLionSourceCodeAccess
LogPluginManager: Mounting plugin CodeLiteSourceCodeAccess
LogPluginManager: Mounting plugin GitSourceControl
LogPluginManager: Mounting plugin PerforceSourceControl
LogPluginManager: Mounting plugin PixWinPlugin
LogPluginManager: Mounting plugin NullSourceCodeAccess
LogPluginManager: Mounting plugin PlasticSourceControl
LogPluginManager: Mounting plugin KDevelopSourceCodeAccess
LogPluginManager: Mounting plugin PropertyAccessNode
LogPluginManager: Mounting plugin PluginUtils
LogPluginManager: Mounting plugin SubversionSourceControl
LogPluginManager: Mounting plugin RiderSourceCodeAccess
LogPluginManager: Mounting plugin UObjectPlugin
LogPluginManager: Mounting plugin VisualStudioCodeSourceCodeAccess
LogPluginManager: Mounting plugin TextureFormatOodle
LogPluginManager: Mounting plugin VisualStudioSourceCodeAccess
LogPluginManager: Mounting plugin XCodeSourceCodeAccess
LogPluginManager: Mounting plugin DatasmithContent
LogPluginManager: Mounting plugin Niagara
LogPluginManager: Mounting plugin VariantManagerContent
LogPluginManager: Mounting plugin LuminPlatformFeatures
LogPluginManager: Mounting plugin MagicLeap
LogPluginManager: Mounting plugin MagicLeapLightEstimation
LogPluginManager: Mounting plugin MagicLeapMedia
LogPluginManager: Mounting plugin MagicLeapPassableWorld
LogPluginManager: Mounting plugin MLSDK
LogPluginManager: Mounting plugin AlembicImporter
LogPluginManager: Mounting plugin AutomationUtils
LogPluginManager: Mounting plugin BackChannel
LogPluginManager: Mounting plugin ChaosCloth
LogPluginManager: Mounting plugin ChaosClothEditor
LogPluginManager: Mounting plugin ChaosEditor
LogPluginManager: Mounting plugin ChaosNiagara
LogPluginManager: Mounting plugin ChaosSolverPlugin
LogPluginManager: Mounting plugin CharacterAI
LogPluginManager: Mounting plugin GeometryCache
LogPluginManager: Mounting plugin GeometryCollectionPlugin
LogPluginManager: Mounting plugin GeometryProcessing
LogPluginManager: Mounting plugin MotoSynth
LogPluginManager: Mounting plugin OpenImageDenoise
LogPluginManager: Mounting plugin PlanarCut
LogPluginManager: Mounting plugin PlatformCrypto
LogPluginManager: Mounting plugin ProxyLODPlugin
LogPluginManager: Mounting plugin PythonScriptPlugin
LogPluginManager: Mounting plugin SkeletalReduction
LogPluginManager: Mounting plugin AndroidMedia
LogPluginManager: Mounting plugin AvfMedia
LogPluginManager: Mounting plugin ImgMedia
LogPluginManager: Mounting plugin MediaCompositing
LogPluginManager: Mounting plugin MediaPlayerEditor
LogPluginManager: Mounting plugin WebMMedia
LogPluginManager: Mounting plugin WmfMedia
LogPluginManager: Mounting plugin UdpMessaging
LogPluginManager: Mounting plugin TcpMessaging
LogPluginManager: Mounting plugin ActorSequence
LogPluginManager: Mounting plugin LevelSequenceEditor
LogPluginManager: Mounting plugin MatineeToLevelSequence
LogPluginManager: Mounting plugin TemplateSequence
LogPluginManager: Mounting plugin OnlineSubsystem
LogPluginManager: Mounting plugin OnlineSubsystemNull
LogPluginManager: Mounting plugin OnlineSubsystemUtils
LogPluginManager: Mounting plugin ActorLayerUtilities
LogPluginManager: Mounting plugin AndroidDeviceProfileSelector
LogPluginManager: Mounting plugin AndroidMoviePlayer
LogPluginManager: Mounting plugin AndroidPermission
LogPluginManager: Mounting plugin AppleMoviePlayer
LogPluginManager: Mounting plugin AppleImageUtils
LogPluginManager: Mounting plugin ArchVisCharacter
LogPluginManager: Mounting plugin AssetTags
LogPluginManager: Mounting plugin AudioCapture
LogPluginManager: Mounting plugin AudioSynesthesia
LogPluginManager: Mounting plugin CableComponent
LogPluginManager: Mounting plugin ChunkDownloader
LogPluginManager: Mounting plugin CustomMeshComponent
LogPluginManager: Mounting plugin EditableMesh
LogPluginManager: Mounting plugin ExampleDeviceProfileSelector
LogPluginManager: Mounting plugin GooglePAD
LogPluginManager: Mounting plugin GoogleCloudMessaging
LogPluginManager: Mounting plugin IOSDeviceProfileSelector
LogPluginManager: Mounting plugin LinuxDeviceProfileSelector
LogPluginManager: Mounting plugin LocationServicesBPLibrary
LogPluginManager: Mounting plugin MobilePatchingUtils
LogPluginManager: Mounting plugin LauncherChunkInstaller
LogPluginManager: Mounting plugin OpenXREyeTracker
LogPluginManager: Mounting plugin OpenXR
LogPluginManager: Mounting plugin OpenXRHandTracking
LogPluginManager: Mounting plugin PhysXVehicles
LogPluginManager: Mounting plugin PostSplashScreen
LogPluginManager: Mounting plugin ProceduralMeshComponent
LogPluginManager: Mounting plugin PropertyAccessEditor
LogPluginManager: Mounting plugin ScreenshotTools
LogPluginManager: Mounting plugin RuntimePhysXCooking
LogPluginManager: Mounting plugin SignificanceManager
LogPluginManager: Mounting plugin SoundFields
LogPluginManager: Mounting plugin Synthesis
LogPluginManager: Mounting plugin WebMMoviePlayer
LogPluginManager: Mounting plugin WindowsMoviePlayer
LogPluginManager: Mounting plugin Takes
LogPluginManager: Mounting plugin GameplayCameras
LogPluginManager: Mounting plugin OodleData
LogPluginManager: Mounting plugin AssetManagerEditor
LogPluginManager: Mounting plugin OodleNetwork
LogPluginManager: Mounting plugin CryptoKeys
LogPluginManager: Mounting plugin CurveEditorTools
LogPluginManager: Mounting plugin DataValidation
LogPluginManager: Mounting plugin FacialAnimation
LogPluginManager: Mounting plugin GameplayTagsEditor
LogPluginManager: Mounting plugin GeometryMode
LogPluginManager: Mounting plugin MaterialAnalyzer
LogPluginManager: Mounting plugin MacGraphicsSwitching
LogPluginManager: Mounting plugin MobileLauncherProfileWizard
LogPluginManager: Mounting plugin PluginBrowser
LogPluginManager: Mounting plugin SpeedTreeImporter
LogPluginManager: Mounting plugin OnlineSubsystemGooglePlay
LogPluginManager: Mounting plugin OnlineSubsystemIOS
LogPluginManager: Mounting plugin OculusVR
LogPluginManager: Mounting plugin SteamVR
LogPluginManager: Mounting plugin ContentBrowserAssetDataSource
LogPluginManager: Mounting plugin ContentBrowserClassDataSource
LogPluginManager: Mounting plugin ContentBrowserFileDataSource
PixWinPlugin: PIX capture plugin failed to initialize! Check that the process is launched from PIX.
LogInit: Using libcurl 7.55.1-DEV
LogInit:  - built for x86_64-pc-win32
LogInit:  - supports SSL with OpenSSL/1.1.1
LogInit:  - supports HTTP deflate (compression) using libz 1.2.8
LogInit:  - other features:
LogInit:      CURL_VERSION_SSL
LogInit:      CURL_VERSION_LIBZ
LogInit:      CURL_VERSION_IPV6
LogInit:      CURL_VERSION_ASYNCHDNS
LogInit:      CURL_VERSION_LARGEFILE
LogInit:      CURL_VERSION_IDN
LogInit:  CurlRequestOptions (configurable via config and command line):
LogInit:  - bVerifyPeer = true  - Libcurl will verify peer certificate
LogInit:  - bUseHttpProxy = false  - Libcurl will NOT use HTTP proxy
LogInit:  - bDontReuseConnections = false  - Libcurl will reuse connections
LogInit:  - MaxHostConnections = 16  - Libcurl will limit the number of connections to a host
LogInit:  - LocalHostAddr = Default
LogInit:  - BufferSize = 65536
LogOnline: OSS: Creating online subsystem instance for: NULL
LogInit: WinSock: version 1.1 (2.2), MaxSocks=32767, MaxUdp=65467
LogOnline: OSS: TryLoadSubsystemAndSetDefault: Loaded subsystem for module [NULL]
LogOculusPluginWrapper: OculusPlugin initialized successfully
LogHMD: Failed initializing OVRPlugin 1.59.0
LogInit: Build: ++UE4+Release-4.27-CL-17735300
LogInit: Engine Version: 4.27.1-17735300+++UE4+Release-4.27
LogInit: Compatible Engine Version: 4.27.0-17155196+++UE4+Release-4.27
LogInit: Net CL: 17155196
LogInit: OS: Windows 10 (Release 2009) (), CPU: Intel(R) Core(TM) i5-10300H CPU @ 2.50GHz, GPU: Intel(R) UHD Graphics
LogInit: Compiled (64-bit): Oct  6 2021 14:42:51
LogInit: Compiled with Visual C++: 19.24.28315.00
LogInit: Build Configuration: Development
LogInit: Branch Name: ++UE4+Release-4.27
LogInit: Command Line: 
LogInit: Base Directory: C:/Program Files/Epic Games/UE_4.27/Engine/Binaries/Win64/
LogInit: Allocator: TBB
LogInit: Installed Engine Build: 1
LogDevObjectVersion: Number of dev versions registered: 29
LogDevObjectVersion:   Dev-Blueprints (B0D832E4-1F89-4F0D-ACCF-7EB736FD4AA2): 10
LogDevObjectVersion:   Dev-Build (E1C64328-A22C-4D53-A36C-8E866417BD8C): 0
LogDevObjectVersion:   Dev-Core (375EC13C-06E4-48FB-B500-84F0262A717E): 4
LogDevObjectVersion:   Dev-Editor (E4B068ED-F494-42E9-A231-DA0B2E46BB41): 40
LogDevObjectVersion:   Dev-Framework (CFFC743F-43B0-4480-9391-14DF171D2073): 37
LogDevObjectVersion:   Dev-Mobile (B02B49B5-BB20-44E9-A304-32B752E40360): 3
LogDevObjectVersion:   Dev-Networking (A4E4105C-59A1-49B5-A7C5-40C4547EDFEE): 0
LogDevObjectVersion:   Dev-Online (39C831C9-5AE6-47DC-9A44-9C173E1C8E7C): 0
LogDevObjectVersion:   Dev-Physics (78F01B33-EBEA-4F98-B9B4-84EACCB95AA2): 14
LogDevObjectVersion:   Dev-Platform (6631380F-2D4D-43E0-8009-CF276956A95A): 0
LogDevObjectVersion:   Dev-Rendering (12F88B9F-8875-4AFC-A67C-D90C383ABD29): 45
LogDevObjectVersion:   Dev-Sequencer (7B5AE74C-D270-4C10-A958-57980B212A5A): 13
LogDevObjectVersion:   Dev-VR (D7296918-1DD6-4BDD-9DE2-64A83CC13884): 3
LogDevObjectVersion:   Dev-LoadTimes (C2A15278-BFE7-4AFE-6C17-90FF531DF755): 1
LogDevObjectVersion:   Private-Geometry (6EACA3D4-40EC-4CC1-B786-8BED09428FC5): 3
LogDevObjectVersion:   Dev-AnimPhys (29E575DD-E0A3-4627-9D10-D276232CDCEA): 17
LogDevObjectVersion:   Dev-Anim (AF43A65D-7FD3-4947-9873-3E8ED9C1BB05): 15
LogDevObjectVersion:   Dev-ReflectionCapture (6B266CEC-1EC7-4B8F-A30B-E4D90942FC07): 1
LogDevObjectVersion:   Dev-Automation (0DF73D61-A23F-47EA-B727-89E90C41499A): 1
LogDevObjectVersion:   FortniteMain (601D1886-AC64-4F84-AA16-D3DE0DEAC7D6): 47
LogDevObjectVersion:   FortniteRelease (E7086368-6B23-4C58-8439-1B7016265E91): 1
LogDevObjectVersion:   Dev-Enterprise (9DFFBCD6-494F-0158-E221-12823C92A888): 10
LogDevObjectVersion:   Dev-Niagara (F2AED0AC-9AFE-416F-8664-AA7FFA26D6FC): 1
LogDevObjectVersion:   Dev-Destruction (174F1F0B-B4C6-45A5-B13F-2EE8D0FB917D): 10
LogDevObjectVersion:   Dev-Physics-Ext (35F94A83-E258-406C-A318-09F59610247C): 41
LogDevObjectVersion:   Dev-PhysicsMaterial-Chaos (B68FC16E-8B1B-42E2-B453-215C058844FE): 1
LogDevObjectVersion:   Dev-CineCamera (B2E18506-4273-CFC2-A54E-F4BB758BBA07): 1
LogDevObjectVersion:   Dev-VirtualProduction (64F58936-FD1B-42BA-BA96-7289D5D0FA4E): 1
LogDevObjectVersion:   Dev-MediaFramework (6F0ED827-A609-4895-9C91-998D90180EA4): 2
LogInit: Presizing for max 25165824 objects, including 0 objects not considered by GC, pre-allocating 0 bytes for permanent pool.
LogConfig: Applying CVar settings from Section [/Script/Engine.StreamingSettings] File [C:/UE4/SquidGame/Saved/Config/Windows/Engine.ini]
LogConfig: Setting CVar [[s.MinBulkDataSizeForAsyncLoading:131072]]
LogConfig: Setting CVar [[s.AsyncLoadingThreadEnabled:0]]
LogConfig: Setting CVar [[s.EventDrivenLoaderEnabled:1]]
LogConfig: Setting CVar [[s.WarnIfTimeLimitExceeded:0]]
LogConfig: Setting CVar [[s.TimeLimitExceededMultiplier:1.5]]
LogConfig: Setting CVar [[s.TimeLimitExceededMinTime:0.005]]
LogConfig: Setting CVar [[s.UseBackgroundLevelStreaming:1]]
LogConfig: Setting CVar [[s.PriorityAsyncLoadingExtraTime:15.0]]
LogConfig: Setting CVar [[s.LevelStreamingActorsUpdateTimeLimit:5.0]]
LogConfig: Setting CVar [[s.PriorityLevelStreamingActorsUpdateExtraTime:5.0]]
LogConfig: Setting CVar [[s.LevelStreamingComponentsRegistrationGranularity:10]]
LogConfig: Setting CVar [[s.UnregisterComponentsTimeLimit:1.0]]
LogConfig: Setting CVar [[s.LevelStreamingComponentsUnregistrationGranularity:5]]
LogConfig: Setting CVar [[s.FlushStreamingOnExit:1]]
LogInit: Object subsystem initialized
LogConfig: Setting CVar [[con.DebugEarlyDefault:1]]
LogConfig: Setting CVar [[r.setres:1280x720]]
[2021.11.08-08.38.14:208][  0]LogConfig: Setting CVar [[r.VSync:0]]
[2021.11.08-08.38.14:208][  0]LogConfig: Setting CVar [[r.RHICmdBypass:0]]
[2021.11.08-08.38.14:208][  0]LogConfig: Applying CVar settings from Section [/Script/Engine.RendererSettings] File [C:/UE4/SquidGame/Saved/Config/Windows/Engine.ini]
[2021.11.08-08.38.14:208][  0]LogConfig: Setting CVar [[r.GPUCrashDebugging:0]]
[2021.11.08-08.38.14:208][  0]LogConfig: Applying CVar settings from Section [/Script/Engine.RendererOverrideSettings] File [C:/UE4/SquidGame/Saved/Config/Windows/Engine.ini]
[2021.11.08-08.38.14:208][  0]LogConfig: Applying CVar settings from Section [/Script/Engine.StreamingSettings] File [C:/UE4/SquidGame/Saved/Config/Windows/Engine.ini]
[2021.11.08-08.38.14:208][  0]LogConfig: Setting CVar [[s.MinBulkDataSizeForAsyncLoading:131072]]
[2021.11.08-08.38.14:208][  0]LogConfig: Setting CVar [[s.AsyncLoadingThreadEnabled:0]]
[2021.11.08-08.38.14:208][  0]LogConfig: Setting CVar [[s.EventDrivenLoaderEnabled:1]]
[2021.11.08-08.38.14:208][  0]LogConfig: Setting CVar [[s.WarnIfTimeLimitExceeded:0]]
[2021.11.08-08.38.14:208][  0]LogConfig: Setting CVar [[s.TimeLimitExceededMultiplier:1.5]]
[2021.11.08-08.38.14:208][  0]LogConfig: Setting CVar [[s.TimeLimitExceededMinTime:0.005]]
[2021.11.08-08.38.14:208][  0]LogConfig: Setting CVar [[s.UseBackgroundLevelStreaming:1]]
[2021.11.08-08.38.14:208][  0]LogConfig: Setting CVar [[s.PriorityAsyncLoadingExtraTime:15.0]]
[2021.11.08-08.38.14:208][  0]LogConfig: Setting CVar [[s.LevelStreamingActorsUpdateTimeLimit:5.0]]
[2021.11.08-08.38.14:208][  0]LogConfig: Setting CVar [[s.PriorityLevelStreamingActorsUpdateExtraTime:5.0]]
[2021.11.08-08.38.14:208][  0]LogConfig: Setting CVar [[s.LevelStreamingComponentsRegistrationGranularity:10]]
[2021.11.08-08.38.14:208][  0]LogConfig: Setting CVar [[s.UnregisterComponentsTimeLimit:1.0]]
[2021.11.08-08.38.14:208][  0]LogConfig: Setting CVar [[s.LevelStreamingComponentsUnregistrationGranularity:5]]
[2021.11.08-08.38.14:208][  0]LogConfig: Setting CVar [[s.FlushStreamingOnExit:1]]
[2021.11.08-08.38.14:208][  0]LogConfig: Applying CVar settings from Section [/Script/Engine.GarbageCollectionSettings] File [C:/UE4/SquidGame/Saved/Config/Windows/Engine.ini]
[2021.11.08-08.38.14:208][  0]LogConfig: Setting CVar [[gc.MaxObjectsNotConsideredByGC:1]]
[2021.11.08-08.38.14:208][  0]LogConfig: Setting CVar [[gc.SizeOfPermanentObjectPool:0]]
[2021.11.08-08.38.14:208][  0]LogConfig: Setting CVar [[gc.FlushStreamingOnGC:0]]
[2021.11.08-08.38.14:208][  0]LogConfig: Setting CVar [[gc.NumRetriesBeforeForcingGC:10]]
[2021.11.08-08.38.14:208][  0]LogConfig: Setting CVar [[gc.AllowParallelGC:1]]
[2021.11.08-08.38.14:208][  0]LogConfig: Setting CVar [[gc.TimeBetweenPurgingPendingKillObjects:61.1]]
[2021.11.08-08.38.14:208][  0]LogConfig: Setting CVar [[gc.MaxObjectsInEditor:25165824]]
[2021.11.08-08.38.14:209][  0]LogConfig: Setting CVar [[gc.IncrementalBeginDestroyEnabled:1]]
[2021.11.08-08.38.14:209][  0]LogConfig: Setting CVar [[gc.CreateGCClusters:1]]
[2021.11.08-08.38.14:209][  0]LogConfig: Setting CVar [[gc.MinGCClusterSize:5]]
[2021.11.08-08.38.14:209][  0]LogConfig: Setting CVar [[gc.ActorClusteringEnabled:0]]
[2021.11.08-08.38.14:209][  0]LogConfig: Setting CVar [[gc.BlueprintClusteringEnabled:0]]
[2021.11.08-08.38.14:209][  0]LogConfig: Setting CVar [[gc.UseDisregardForGCOnDedicatedServers:0]]
[2021.11.08-08.38.14:209][  0]LogConfig: Setting CVar [[gc.MultithreadedDestructionEnabled:1]]
[2021.11.08-08.38.14:209][  0]LogConfig: Applying CVar settings from Section [/Script/Engine.NetworkSettings] File [C:/UE4/SquidGame/Saved/Config/Windows/Engine.ini]
[2021.11.08-08.38.14:209][  0]LogConfig: Applying CVar settings from Section [/Script/UnrealEd.CookerSettings] File [C:/UE4/SquidGame/Saved/Config/Windows/Engine.ini]
[2021.11.08-08.38.14:212][  0]LogConfig: Applying CVar settings from Section [ViewDistanceQuality@3] File [C:/UE4/SquidGame/Saved/Config/Windows/Scalability.ini]
[2021.11.08-08.38.14:212][  0]LogConfig: Setting CVar [[r.SkeletalMeshLODBias:0]]
[2021.11.08-08.38.14:212][  0]LogConfig: Setting CVar [[r.ViewDistanceScale:1.0]]
[2021.11.08-08.38.14:212][  0]LogConfig: Applying CVar settings from Section [AntiAliasingQuality@3] File [C:/UE4/SquidGame/Saved/Config/Windows/Scalability.ini]
[2021.11.08-08.38.14:212][  0]LogConfig: Setting CVar [[r.PostProcessAAQuality:4]]
[2021.11.08-08.38.14:212][  0]LogConfig: Applying CVar settings from Section [ShadowQuality@3] File [C:/UE4/SquidGame/Saved/Config/Windows/Scalability.ini]
[2021.11.08-08.38.14:212][  0]LogConfig: Setting CVar [[r.LightFunctionQuality:1]]
[2021.11.08-08.38.14:212][  0]LogConfig: Setting CVar [[r.ShadowQuality:5]]
[2021.11.08-08.38.14:212][  0]LogConfig: Setting CVar [[r.Shadow.CSM.MaxCascades:10]]
[2021.11.08-08.38.14:212][  0]LogConfig: Setting CVar [[r.Shadow.MaxResolution:2048]]
[2021.11.08-08.38.14:212][  0]LogConfig: Setting CVar [[r.Shadow.MaxCSMResolution:2048]]
[2021.11.08-08.38.14:212][  0]LogConfig: Setting CVar [[r.Shadow.RadiusThreshold:0.01]]
[2021.11.08-08.38.14:212][  0]LogConfig: Setting CVar [[r.Shadow.DistanceScale:1.0]]
[2021.11.08-08.38.14:212][  0]LogConfig: Setting CVar [[r.Shadow.CSM.TransitionScale:1.0]]
[2021.11.08-08.38.14:212][  0]LogConfig: Setting CVar [[r.Shadow.PreShadowResolutionFactor:1.0]]
[2021.11.08-08.38.14:212][  0]LogConfig: Setting CVar [[r.DistanceFieldShadowing:1]]
[2021.11.08-08.38.14:212][  0]LogConfig: Setting CVar [[r.DistanceFieldAO:1]]
[2021.11.08-08.38.14:212][  0]LogConfig: Setting CVar [[r.AOQuality:2]]
[2021.11.08-08.38.14:212][  0]LogConfig: Setting CVar [[r.VolumetricFog:1]]
[2021.11.08-08.38.14:212][  0]LogConfig: Setting CVar [[r.VolumetricFog.GridPixelSize:8]]
[2021.11.08-08.38.14:212][  0]LogConfig: Setting CVar [[r.VolumetricFog.GridSizeZ:128]]
[2021.11.08-08.38.14:212][  0]LogConfig: Setting CVar [[r.VolumetricFog.HistoryMissSupersampleCount:4]]
[2021.11.08-08.38.14:212][  0]LogConfig: Setting CVar [[r.LightMaxDrawDistanceScale:1]]
[2021.11.08-08.38.14:212][  0]LogConfig: Setting CVar [[r.CapsuleShadows:1]]
[2021.11.08-08.38.14:212][  0]LogConfig: Applying CVar settings from Section [PostProcessQuality@3] File [C:/UE4/SquidGame/Saved/Config/Windows/Scalability.ini]
[2021.11.08-08.38.14:212][  0]LogConfig: Setting CVar [[r.MotionBlurQuality:4]]
[2021.11.08-08.38.14:212][  0]LogConfig: Setting CVar [[r.AmbientOcclusionMipLevelFactor:0.4]]
[2021.11.08-08.38.14:212][  0]LogConfig: Setting CVar [[r.AmbientOcclusionMaxQuality:100]]
[2021.11.08-08.38.14:212][  0]LogConfig: Setting CVar [[r.AmbientOcclusionLevels:-1]]
[2021.11.08-08.38.14:212][  0]LogConfig: Setting CVar [[r.AmbientOcclusionRadiusScale:1.0]]
[2021.11.08-08.38.14:212][  0]LogConfig: Setting CVar [[r.DepthOfFieldQuality:2]]
[2021.11.08-08.38.14:212][  0]LogConfig: Setting CVar [[r.RenderTargetPoolMin:400]]
[2021.11.08-08.38.14:212][  0]LogConfig: Setting CVar [[r.LensFlareQuality:2]]
[2021.11.08-08.38.14:212][  0]LogConfig: Setting CVar [[r.SceneColorFringeQuality:1]]
[2021.11.08-08.38.14:212][  0]LogConfig: Setting CVar [[r.EyeAdaptationQuality:2]]
[2021.11.08-08.38.14:212][  0]LogConfig: Setting CVar [[r.BloomQuality:5]]
[2021.11.08-08.38.14:212][  0]LogConfig: Setting CVar [[r.FastBlurThreshold:100]]
[2021.11.08-08.38.14:212][  0]LogConfig: Setting CVar [[r.Upscale.Quality:3]]
[2021.11.08-08.38.14:212][  0]LogConfig: Setting CVar [[r.Tonemapper.GrainQuantization:1]]
[2021.11.08-08.38.14:213][  0]LogConfig: Setting CVar [[r.LightShaftQuality:1]]
[2021.11.08-08.38.14:213][  0]LogConfig: Setting CVar [[r.Filter.SizeScale:1]]
[2021.11.08-08.38.14:213][  0]LogConfig: Setting CVar [[r.Tonemapper.Quality:5]]
[2021.11.08-08.38.14:213][  0]LogConfig: Setting CVar [[r.DOF.Gather.AccumulatorQuality:1        ; higher gathering accumulator quality]]
[2021.11.08-08.38.14:213][  0]LogConfig: Setting CVar [[r.DOF.Gather.PostfilterMethod:1          ; Median3x3 postfilering method]]
[2021.11.08-08.38.14:213][  0]LogConfig: Setting CVar [[r.DOF.Gather.EnableBokehSettings:0       ; no bokeh simulation when gathering]]
[2021.11.08-08.38.14:213][  0]LogConfig: Setting CVar [[r.DOF.Gather.RingCount:4                 ; medium number of samples when gathering]]
[2021.11.08-08.38.14:213][  0]LogConfig: Setting CVar [[r.DOF.Scatter.ForegroundCompositing:1    ; additive foreground scattering]]
[2021.11.08-08.38.14:213][  0]LogConfig: Setting CVar [[r.DOF.Scatter.BackgroundCompositing:2    ; additive background scattering]]
[2021.11.08-08.38.14:213][  0]LogConfig: Setting CVar [[r.DOF.Scatter.EnableBokehSettings:1      ; bokeh simulation when scattering]]
[2021.11.08-08.38.14:213][  0]LogConfig: Setting CVar [[r.DOF.Scatter.MaxSpriteRatio:0.1         ; only a maximum of 10% of scattered bokeh]]
[2021.11.08-08.38.14:213][  0]LogConfig: Setting CVar [[r.DOF.Recombine.Quality:1                ; cheap slight out of focus]]
[2021.11.08-08.38.14:213][  0]LogConfig: Setting CVar [[r.DOF.Recombine.EnableBokehSettings:0    ; no bokeh simulation on slight out of focus]]
[2021.11.08-08.38.14:213][  0]LogConfig: Setting CVar [[r.DOF.TemporalAAQuality:1                ; more stable temporal accumulation]]
[2021.11.08-08.38.14:213][  0]LogConfig: Setting CVar [[r.DOF.Kernel.MaxForegroundRadius:0.025]]
[2021.11.08-08.38.14:213][  0]LogConfig: Setting CVar [[r.DOF.Kernel.MaxBackgroundRadius:0.025]]
[2021.11.08-08.38.14:213][  0]LogConfig: Applying CVar settings from Section [TextureQuality@3] File [C:/UE4/SquidGame/Saved/Config/Windows/Scalability.ini]
[2021.11.08-08.38.14:213][  0]LogConfig: Setting CVar [[r.Streaming.MipBias:0]]
[2021.11.08-08.38.14:213][  0]LogConfig: Setting CVar [[r.Streaming.AmortizeCPUToGPUCopy:0]]
[2021.11.08-08.38.14:213][  0]LogConfig: Setting CVar [[r.Streaming.MaxNumTexturesToStreamPerFrame:0]]
[2021.11.08-08.38.14:213][  0]LogConfig: Setting CVar [[r.Streaming.Boost:1]]
[2021.11.08-08.38.14:213][  0]LogConfig: Setting CVar [[r.MaxAnisotropy:8]]
[2021.11.08-08.38.14:213][  0]LogConfig: Setting CVar [[r.VT.MaxAnisotropy:8]]
[2021.11.08-08.38.14:213][  0]LogConfig: Setting CVar [[r.Streaming.LimitPoolSizeToVRAM:0]]
[2021.11.08-08.38.14:213][  0]LogConfig: Setting CVar [[r.Streaming.PoolSize:1000]]
[2021.11.08-08.38.14:213][  0]LogConfig: Setting CVar [[r.Streaming.MaxEffectiveScreenSize:0]]
[2021.11.08-08.38.14:213][  0]LogConfig: Applying CVar settings from Section [EffectsQuality@3] File [C:/UE4/SquidGame/Saved/Config/Windows/Scalability.ini]
[2021.11.08-08.38.14:213][  0]LogConfig: Setting CVar [[r.TranslucencyLightingVolumeDim:64]]
[2021.11.08-08.38.14:213][  0]LogConfig: Setting CVar [[r.RefractionQuality:2]]
[2021.11.08-08.38.14:213][  0]LogConfig: Setting CVar [[r.SSR.Quality:3]]
[2021.11.08-08.38.14:213][  0]LogConfig: Setting CVar [[r.SSR.HalfResSceneColor:0]]
[2021.11.08-08.38.14:213][  0]LogConfig: Setting CVar [[r.SceneColorFormat:4]]
[2021.11.08-08.38.14:213][  0]LogConfig: Setting CVar [[r.DetailMode:2]]
[2021.11.08-08.38.14:213][  0]LogConfig: Setting CVar [[r.TranslucencyVolumeBlur:1]]
[2021.11.08-08.38.14:213][  0]LogConfig: Setting CVar [[r.MaterialQualityLevel:1 ; High quality]]
[2021.11.08-08.38.14:213][  0]LogConfig: Setting CVar [[r.AnisotropicMaterials:1]]
[2021.11.08-08.38.14:213][  0]LogConfig: Setting CVar [[r.SSS.Scale:1]]
[2021.11.08-08.38.14:213][  0]LogConfig: Setting CVar [[r.SSS.SampleSet:2]]
[2021.11.08-08.38.14:213][  0]LogConfig: Setting CVar [[r.SSS.Quality:1]]
[2021.11.08-08.38.14:213][  0]LogConfig: Setting CVar [[r.SSS.HalfRes:0]]
[2021.11.08-08.38.14:213][  0]LogConfig: Setting CVar [[r.SSGI.Quality:3]]
[2021.11.08-08.38.14:213][  0]LogConfig: Setting CVar [[r.EmitterSpawnRateScale:1.0]]
[2021.11.08-08.38.14:213][  0]LogConfig: Setting CVar [[r.ParticleLightQuality:2]]
[2021.11.08-08.38.14:213][  0]LogConfig: Setting CVar [[r.SkyAtmosphere.AerialPerspectiveLUT.FastApplyOnOpaque:1 ; Always have FastSkyLUT 1 in this case to avoid wrong sky]]
[2021.11.08-08.38.14:213][  0]LogConfig: Setting CVar [[r.SkyAtmosphere.AerialPerspectiveLUT.SampleCountMaxPerSlice:4]]
[2021.11.08-08.38.14:213][  0]LogConfig: Setting CVar [[r.SkyAtmosphere.AerialPerspectiveLUT.DepthResolution:16.0]]
[2021.11.08-08.38.14:213][  0]LogConfig: Setting CVar [[r.SkyAtmosphere.FastSkyLUT:1]]
[2021.11.08-08.38.14:213][  0]LogConfig: Setting CVar [[r.SkyAtmosphere.FastSkyLUT.SampleCountMin:4.0]]
[2021.11.08-08.38.14:213][  0]LogConfig: Setting CVar [[r.SkyAtmosphere.FastSkyLUT.SampleCountMax:128.0]]
[2021.11.08-08.38.14:213][  0]LogConfig: Setting CVar [[r.SkyAtmosphere.SampleCountMin:4.0]]
[2021.11.08-08.38.14:213][  0]LogConfig: Setting CVar [[r.SkyAtmosphere.SampleCountMax:128.0]]
[2021.11.08-08.38.14:213][  0]LogConfig: Setting CVar [[r.SkyAtmosphere.TransmittanceLUT.UseSmallFormat:0]]
[2021.11.08-08.38.14:213][  0]LogConfig: Setting CVar [[r.SkyAtmosphere.TransmittanceLUT.SampleCount:10.0]]
[2021.11.08-08.38.14:213][  0]LogConfig: Setting CVar [[r.SkyAtmosphere.MultiScatteringLUT.SampleCount:15.0]]
[2021.11.08-08.38.14:213][  0]LogConfig: Setting CVar [[r.SkyLight.RealTimeReflectionCapture:1]]
[2021.11.08-08.38.14:213][  0]LogConfig: Applying CVar settings from Section [FoliageQuality@3] File [C:/UE4/SquidGame/Saved/Config/Windows/Scalability.ini]
[2021.11.08-08.38.14:213][  0]LogConfig: Setting CVar [[foliage.DensityScale:1.0]]
[2021.11.08-08.38.14:213][  0]LogConfig: Setting CVar [[grass.DensityScale:1.0]]
[2021.11.08-08.38.14:213][  0]LogConfig: Applying CVar settings from Section [ShadingQuality@3] File [C:/UE4/SquidGame/Saved/Config/Windows/Scalability.ini]
[2021.11.08-08.38.14:213][  0]LogConfig: Setting CVar [[r.HairStrands.SkyLighting.IntegrationType:2]]
[2021.11.08-08.38.14:213][  0]LogConfig: Setting CVar [[r.HairStrands.SkyAO.SampleCount:4]]
[2021.11.08-08.38.14:213][  0]LogConfig: Setting CVar [[r.HairStrands.Visibility.MSAA.SamplePerPixel:4]]
[2021.11.08-08.38.14:213][  0]LogInit: Selected Device Profile: [Windows]
[2021.11.08-08.38.14:213][  0]LogInit: Applying CVar settings loaded from the selected device profile: [Windows]
[2021.11.08-08.38.14:213][  0]LogHAL: Display: Platform has ~ 16 GB [16989282304 / 17179869184 / 16], which maps to Larger [LargestMinGB=32, LargerMinGB=12, DefaultMinGB=8, SmallerMinGB=6, SmallestMinGB=0)
[2021.11.08-08.38.14:213][  0]LogInit: Going up to parent DeviceProfile []
[2021.11.08-08.38.14:213][  0]LogConfig: Applying CVar settings from Section [ViewDistanceQuality@3] File [C:/UE4/SquidGame/Saved/Config/Windows/Scalability.ini]
[2021.11.08-08.38.14:213][  0]LogConfig: Setting CVar [[r.SkeletalMeshLODBias:0]]
[2021.11.08-08.38.14:213][  0]LogConfig: Setting CVar [[r.ViewDistanceScale:1.0]]
[2021.11.08-08.38.14:213][  0]LogConfig: Applying CVar settings from Section [AntiAliasingQuality@3] File [C:/UE4/SquidGame/Saved/Config/Windows/Scalability.ini]
[2021.11.08-08.38.14:213][  0]LogConfig: Setting CVar [[r.PostProcessAAQuality:4]]
[2021.11.08-08.38.14:213][  0]LogConfig: Applying CVar settings from Section [ShadowQuality@3] File [C:/UE4/SquidGame/Saved/Config/Windows/Scalability.ini]
[2021.11.08-08.38.14:213][  0]LogConfig: Setting CVar [[r.LightFunctionQuality:1]]
[2021.11.08-08.38.14:213][  0]LogConfig: Setting CVar [[r.ShadowQuality:5]]
[2021.11.08-08.38.14:213][  0]LogConfig: Setting CVar [[r.Shadow.CSM.MaxCascades:10]]
[2021.11.08-08.38.14:213][  0]LogConfig: Setting CVar [[r.Shadow.MaxResolution:2048]]
[2021.11.08-08.38.14:213][  0]LogConfig: Setting CVar [[r.Shadow.MaxCSMResolution:2048]]
[2021.11.08-08.38.14:213][  0]LogConfig: Setting CVar [[r.Shadow.RadiusThreshold:0.01]]
[2021.11.08-08.38.14:213][  0]LogConfig: Setting CVar [[r.Shadow.DistanceScale:1.0]]
[2021.11.08-08.38.14:213][  0]LogConfig: Setting CVar [[r.Shadow.CSM.TransitionScale:1.0]]
[2021.11.08-08.38.14:213][  0]LogConfig: Setting CVar [[r.Shadow.PreShadowResolutionFactor:1.0]]
[2021.11.08-08.38.14:213][  0]LogConfig: Setting CVar [[r.DistanceFieldShadowing:1]]
[2021.11.08-08.38.14:213][  0]LogConfig: Setting CVar [[r.DistanceFieldAO:1]]
[2021.11.08-08.38.14:213][  0]LogConfig: Setting CVar [[r.AOQuality:2]]
[2021.11.08-08.38.14:213][  0]LogConfig: Setting CVar [[r.VolumetricFog:1]]
[2021.11.08-08.38.14:213][  0]LogConfig: Setting CVar [[r.VolumetricFog.GridPixelSize:8]]
[2021.11.08-08.38.14:213][  0]LogConfig: Setting CVar [[r.VolumetricFog.GridSizeZ:128]]
[2021.11.08-08.38.14:213][  0]LogConfig: Setting CVar [[r.VolumetricFog.HistoryMissSupersampleCount:4]]
[2021.11.08-08.38.14:213][  0]LogConfig: Setting CVar [[r.LightMaxDrawDistanceScale:1]]
[2021.11.08-08.38.14:213][  0]LogConfig: Setting CVar [[r.CapsuleShadows:1]]
[2021.11.08-08.38.14:213][  0]LogConfig: Applying CVar settings from Section [PostProcessQuality@3] File [C:/UE4/SquidGame/Saved/Config/Windows/Scalability.ini]
[2021.11.08-08.38.14:213][  0]LogConfig: Setting CVar [[r.MotionBlurQuality:4]]
[2021.11.08-08.38.14:213][  0]LogConfig: Setting CVar [[r.AmbientOcclusionMipLevelFactor:0.4]]
[2021.11.08-08.38.14:213][  0]LogConfig: Setting CVar [[r.AmbientOcclusionMaxQuality:100]]
[2021.11.08-08.38.14:213][  0]LogConfig: Setting CVar [[r.AmbientOcclusionLevels:-1]]
[2021.11.08-08.38.14:213][  0]LogConfig: Setting CVar [[r.AmbientOcclusionRadiusScale:1.0]]
[2021.11.08-08.38.14:213][  0]LogConfig: Setting CVar [[r.DepthOfFieldQuality:2]]
[2021.11.08-08.38.14:213][  0]LogConfig: Setting CVar [[r.RenderTargetPoolMin:400]]
[2021.11.08-08.38.14:214][  0]LogConfig: Setting CVar [[r.LensFlareQuality:2]]
[2021.11.08-08.38.14:214][  0]LogConfig: Setting CVar [[r.SceneColorFringeQuality:1]]
[2021.11.08-08.38.14:214][  0]LogConfig: Setting CVar [[r.EyeAdaptationQuality:2]]
[2021.11.08-08.38.14:214][  0]LogConfig: Setting CVar [[r.BloomQuality:5]]
[2021.11.08-08.38.14:214][  0]LogConfig: Setting CVar [[r.FastBlurThreshold:100]]
[2021.11.08-08.38.14:214][  0]LogConfig: Setting CVar [[r.Upscale.Quality:3]]
[2021.11.08-08.38.14:214][  0]LogConfig: Setting CVar [[r.Tonemapper.GrainQuantization:1]]
[2021.11.08-08.38.14:214][  0]LogConfig: Setting CVar [[r.LightShaftQuality:1]]
[2021.11.08-08.38.14:214][  0]LogConfig: Setting CVar [[r.Filter.SizeScale:1]]
[2021.11.08-08.38.14:214][  0]LogConfig: Setting CVar [[r.Tonemapper.Quality:5]]
[2021.11.08-08.38.14:214][  0]LogConfig: Setting CVar [[r.DOF.Gather.AccumulatorQuality:1        ; higher gathering accumulator quality]]
[2021.11.08-08.38.14:214][  0]LogConfig: Setting CVar [[r.DOF.Gather.PostfilterMethod:1          ; Median3x3 postfilering method]]
[2021.11.08-08.38.14:214][  0]LogConfig: Setting CVar [[r.DOF.Gather.EnableBokehSettings:0       ; no bokeh simulation when gathering]]
[2021.11.08-08.38.14:214][  0]LogConfig: Setting CVar [[r.DOF.Gather.RingCount:4                 ; medium number of samples when gathering]]
[2021.11.08-08.38.14:214][  0]LogConfig: Setting CVar [[r.DOF.Scatter.ForegroundCompositing:1    ; additive foreground scattering]]
[2021.11.08-08.38.14:214][  0]LogConfig: Setting CVar [[r.DOF.Scatter.BackgroundCompositing:2    ; additive background scattering]]
[2021.11.08-08.38.14:214][  0]LogConfig: Setting CVar [[r.DOF.Scatter.EnableBokehSettings:1      ; bokeh simulation when scattering]]
[2021.11.08-08.38.14:214][  0]LogConfig: Setting CVar [[r.DOF.Scatter.MaxSpriteRatio:0.1         ; only a maximum of 10% of scattered bokeh]]
[2021.11.08-08.38.14:214][  0]LogConfig: Setting CVar [[r.DOF.Recombine.Quality:1                ; cheap slight out of focus]]
[2021.11.08-08.38.14:214][  0]LogConfig: Setting CVar [[r.DOF.Recombine.EnableBokehSettings:0    ; no bokeh simulation on slight out of focus]]
[2021.11.08-08.38.14:214][  0]LogConfig: Setting CVar [[r.DOF.TemporalAAQuality:1                ; more stable temporal accumulation]]
[2021.11.08-08.38.14:214][  0]LogConfig: Setting CVar [[r.DOF.Kernel.MaxForegroundRadius:0.025]]
[2021.11.08-08.38.14:214][  0]LogConfig: Setting CVar [[r.DOF.Kernel.MaxBackgroundRadius:0.025]]
[2021.11.08-08.38.14:214][  0]LogConfig: Applying CVar settings from Section [TextureQuality@3] File [C:/UE4/SquidGame/Saved/Config/Windows/Scalability.ini]
[2021.11.08-08.38.14:214][  0]LogConfig: Setting CVar [[r.Streaming.MipBias:0]]
[2021.11.08-08.38.14:214][  0]LogConfig: Setting CVar [[r.Streaming.AmortizeCPUToGPUCopy:0]]
[2021.11.08-08.38.14:214][  0]LogConfig: Setting CVar [[r.Streaming.MaxNumTexturesToStreamPerFrame:0]]
[2021.11.08-08.38.14:214][  0]LogConfig: Setting CVar [[r.Streaming.Boost:1]]
[2021.11.08-08.38.14:214][  0]LogConfig: Setting CVar [[r.MaxAnisotropy:8]]
[2021.11.08-08.38.14:214][  0]LogConfig: Setting CVar [[r.VT.MaxAnisotropy:8]]
[2021.11.08-08.38.14:214][  0]LogConfig: Setting CVar [[r.Streaming.LimitPoolSizeToVRAM:0]]
[2021.11.08-08.38.14:214][  0]LogConfig: Setting CVar [[r.Streaming.PoolSize:1000]]
[2021.11.08-08.38.14:214][  0]LogConfig: Setting CVar [[r.Streaming.MaxEffectiveScreenSize:0]]
[2021.11.08-08.38.14:214][  0]LogConfig: Applying CVar settings from Section [EffectsQuality@3] File [C:/UE4/SquidGame/Saved/Config/Windows/Scalability.ini]
[2021.11.08-08.38.14:214][  0]LogConfig: Setting CVar [[r.TranslucencyLightingVolumeDim:64]]
[2021.11.08-08.38.14:214][  0]LogConfig: Setting CVar [[r.RefractionQuality:2]]
[2021.11.08-08.38.14:214][  0]LogConfig: Setting CVar [[r.SSR.Quality:3]]
[2021.11.08-08.38.14:214][  0]LogConfig: Setting CVar [[r.SSR.HalfResSceneColor:0]]
[2021.11.08-08.38.14:214][  0]LogConfig: Setting CVar [[r.SceneColorFormat:4]]
[2021.11.08-08.38.14:214][  0]LogConfig: Setting CVar [[r.DetailMode:2]]
[2021.11.08-08.38.14:214][  0]LogConfig: Setting CVar [[r.TranslucencyVolumeBlur:1]]
[2021.11.08-08.38.14:214][  0]LogConfig: Setting CVar [[r.MaterialQualityLevel:1 ; High quality]]
[2021.11.08-08.38.14:214][  0]LogConfig: Setting CVar [[r.AnisotropicMaterials:1]]
[2021.11.08-08.38.14:214][  0]LogConfig: Setting CVar [[r.SSS.Scale:1]]
[2021.11.08-08.38.14:214][  0]LogConfig: Setting CVar [[r.SSS.SampleSet:2]]
[2021.11.08-08.38.14:214][  0]LogConfig: Setting CVar [[r.SSS.Quality:1]]
[2021.11.08-08.38.14:214][  0]LogConfig: Setting CVar [[r.SSS.HalfRes:0]]
[2021.11.08-08.38.14:214][  0]LogConfig: Setting CVar [[r.SSGI.Quality:3]]
[2021.11.08-08.38.14:214][  0]LogConfig: Setting CVar [[r.EmitterSpawnRateScale:1.0]]
[2021.11.08-08.38.14:214][  0]LogConfig: Setting CVar [[r.ParticleLightQuality:2]]
[2021.11.08-08.38.14:214][  0]LogConfig: Setting CVar [[r.SkyAtmosphere.AerialPerspectiveLUT.FastApplyOnOpaque:1 ; Always have FastSkyLUT 1 in this case to avoid wrong sky]]
[2021.11.08-08.38.14:214][  0]LogConfig: Setting CVar [[r.SkyAtmosphere.AerialPerspectiveLUT.SampleCountMaxPerSlice:4]]
[2021.11.08-08.38.14:214][  0]LogConfig: Setting CVar [[r.SkyAtmosphere.AerialPerspectiveLUT.DepthResolution:16.0]]
[2021.11.08-08.38.14:214][  0]LogConfig: Setting CVar [[r.SkyAtmosphere.FastSkyLUT:1]]
[2021.11.08-08.38.14:214][  0]LogConfig: Setting CVar [[r.SkyAtmosphere.FastSkyLUT.SampleCountMin:4.0]]
[2021.11.08-08.38.14:214][  0]LogConfig: Setting CVar [[r.SkyAtmosphere.FastSkyLUT.SampleCountMax:128.0]]
[2021.11.08-08.38.14:214][  0]LogConfig: Setting CVar [[r.SkyAtmosphere.SampleCountMin:4.0]]
[2021.11.08-08.38.14:214][  0]LogConfig: Setting CVar [[r.SkyAtmosphere.SampleCountMax:128.0]]
[2021.11.08-08.38.14:214][  0]LogConfig: Setting CVar [[r.SkyAtmosphere.TransmittanceLUT.UseSmallFormat:0]]
[2021.11.08-08.38.14:214][  0]LogConfig: Setting CVar [[r.SkyAtmosphere.TransmittanceLUT.SampleCount:10.0]]
[2021.11.08-08.38.14:214][  0]LogConfig: Setting CVar [[r.SkyAtmosphere.MultiScatteringLUT.SampleCount:15.0]]
[2021.11.08-08.38.14:214][  0]LogConfig: Setting CVar [[r.SkyLight.RealTimeReflectionCapture:1]]
[2021.11.08-08.38.14:214][  0]LogConfig: Applying CVar settings from Section [FoliageQuality@3] File [C:/UE4/SquidGame/Saved/Config/Windows/Scalability.ini]
[2021.11.08-08.38.14:214][  0]LogConfig: Setting CVar [[foliage.DensityScale:1.0]]
[2021.11.08-08.38.14:214][  0]LogConfig: Setting CVar [[grass.DensityScale:1.0]]
[2021.11.08-08.38.14:214][  0]LogConfig: Applying CVar settings from Section [ShadingQuality@3] File [C:/UE4/SquidGame/Saved/Config/Windows/Scalability.ini]
[2021.11.08-08.38.14:214][  0]LogConfig: Setting CVar [[r.HairStrands.SkyLighting.IntegrationType:2]]
[2021.11.08-08.38.14:214][  0]LogConfig: Setting CVar [[r.HairStrands.SkyAO.SampleCount:4]]
[2021.11.08-08.38.14:214][  0]LogConfig: Setting CVar [[r.HairStrands.Visibility.MSAA.SamplePerPixel:4]]
[2021.11.08-08.38.14:214][  0]LogConfig: Applying CVar settings from Section [Startup] File [../../../Engine/Config/ConsoleVariables.ini]
[2021.11.08-08.38.14:215][  0]LogConfig: Setting CVar [[net.UseAdaptiveNetUpdateFrequency:0]]
[2021.11.08-08.38.14:215][  0]LogConfig: Setting CVar [[p.chaos.AllowCreatePhysxBodies:1]]
[2021.11.08-08.38.14:215][  0]LogConfig: Setting CVar [[fx.SkipVectorVMBackendOptimizations:1]]
[2021.11.08-08.38.14:215][  0]LogConfig: Applying CVar settings from Section [ConsoleVariables] File [C:/UE4/SquidGame/Saved/Config/Windows/Engine.ini]
[2021.11.08-08.38.14:215][  0]LogConfig: Applying CVar settings from Section [ConsoleVariables] File [C:/UE4/SquidGame/Saved/Config/Windows/Editor.ini]
[2021.11.08-08.38.14:215][  0]LogInit: Computer: DESKTOP-BQD4PPR
[2021.11.08-08.38.14:215][  0]LogInit: User: YGL
[2021.11.08-08.38.14:215][  0]LogInit: CPU Page size=4096, Cores=4
[2021.11.08-08.38.14:215][  0]LogInit: High frequency timer resolution =10.000000 MHz
[2021.11.08-08.38.14:215][  0]LogMemory: Memory total: Physical=15.8GB (16GB approx)
[2021.11.08-08.38.14:215][  0]LogMemory: Platform Memory Stats for Windows
[2021.11.08-08.38.14:215][  0]LogMemory: Process Physical Memory: 142.84 MB used, 142.84 MB peak
[2021.11.08-08.38.14:215][  0]LogMemory: Process Virtual Memory: 128.32 MB used, 128.32 MB peak
[2021.11.08-08.38.14:215][  0]LogMemory: Physical Memory: 9894.64 MB used,  6307.60 MB free, 16202.24 MB total
[2021.11.08-08.38.14:215][  0]LogMemory: Virtual Memory: 134192960.00 MB used,  24771.55 MB free, 134217728.00 MB total
[2021.11.08-08.38.14:218][  0]LogWindows: WindowsPlatformFeatures enabled
[2021.11.08-08.38.14:234][  0]LogInit: Physics initialised using underlying interface: PhysX
[2021.11.08-08.38.14:235][  0]LogInit: Using OS detected language (ko-KR).
[2021.11.08-08.38.14:235][  0]LogInit: Using OS detected locale (ko-KR).
[2021.11.08-08.38.14:239][  0]LogTextLocalizationManager: No specific localization for 'ko-KR' exists, so the 'ko' localization will be used.
[2021.11.08-08.38.14:335][  0]LogInit: Setting process to per monitor DPI aware
[2021.11.08-08.38.14:348][  0]LogWindowsTextInputMethodSystem: Display: IME system deactivated.
[2021.11.08-08.38.14:354][  0]LogSlate: New Slate User Created.  User Index 0, Is Virtual User: 0
[2021.11.08-08.38.14:354][  0]LogSlate: Slate User Registered.  User Index 0, Is Virtual User: 0
[2021.11.08-08.38.14:446][  0]LogD3D11RHI: Loaded GFSDK_Aftermath_Lib.x64.dll
[2021.11.08-08.38.14:457][  0]LogHMD: Failed to initialize OpenVR with code 110
[2021.11.08-08.38.14:457][  0]LogD3D11RHI: D3D11 min allowed feature level: 11_0
[2021.11.08-08.38.14:457][  0]LogD3D11RHI: D3D11 max allowed feature level: 11_0
[2021.11.08-08.38.14:457][  0]LogD3D11RHI: D3D11 adapters:
[2021.11.08-08.38.14:548][  0]LogD3D11RHI:    0. 'NVIDIA GeForce GTX 1650 with Max-Q Design' (Feature Level 11_0)
[2021.11.08-08.38.14:548][  0]LogD3D11RHI:       3962/0/8101 MB DedicatedVideo/DedicatedSystem/SharedSystem, Outputs:1, VendorId:0x10de
[2021.11.08-08.38.14:562][  0]LogD3D11RHI:    1. 'Intel(R) UHD Graphics' (Feature Level 11_0)
[2021.11.08-08.38.14:562][  0]LogD3D11RHI:       128/0/8101 MB DedicatedVideo/DedicatedSystem/SharedSystem, Outputs:0, VendorId:0x8086
[2021.11.08-08.38.14:563][  0]LogD3D11RHI:    2. 'Microsoft Basic Render Driver' (Feature Level 11_0)
[2021.11.08-08.38.14:563][  0]LogD3D11RHI:       0/0/8101 MB DedicatedVideo/DedicatedSystem/SharedSystem, Outputs:0, VendorId:0x1414
[2021.11.08-08.38.14:563][  0]LogD3D11RHI: Chosen D3D11 Adapter:
[2021.11.08-08.38.14:563][  0]LogD3D11RHI:     Description : NVIDIA GeForce GTX 1650 with Max-Q Design
[2021.11.08-08.38.14:563][  0]LogD3D11RHI:     VendorId    : 10de
[2021.11.08-08.38.14:563][  0]LogD3D11RHI:     DeviceId    : 1f9d
[2021.11.08-08.38.14:563][  0]LogD3D11RHI:     SubSysId    : 12f41462
[2021.11.08-08.38.14:563][  0]LogD3D11RHI:     Revision    : 00a1
[2021.11.08-08.38.14:563][  0]LogD3D11RHI:     DedicatedVideoMemory : 4154458112 bytes
[2021.11.08-08.38.14:563][  0]LogD3D11RHI:     DedicatedSystemMemory : 0 bytes
[2021.11.08-08.38.14:563][  0]LogD3D11RHI:     SharedSystemMemory : 8494641152 bytes
[2021.11.08-08.38.14:563][  0]LogD3D11RHI:     AdapterLuid : 0 54048
[2021.11.08-08.38.14:566][  0]LogD3D11RHI: Creating new Direct3DDevice
[2021.11.08-08.38.14:566][  0]LogD3D11RHI:     GPU DeviceId: 0x1f9d (for the marketing name, search the web for "GPU Device Id")
[2021.11.08-08.38.14:566][  0]LogWindows: EnumDisplayDevices:
[2021.11.08-08.38.14:567][  0]LogWindows:    0. 'Intel(R) UHD Graphics' (P:1 D:1)
[2021.11.08-08.38.14:567][  0]LogWindows:    1. 'Intel(R) UHD Graphics' (P:0 D:0)
[2021.11.08-08.38.14:567][  0]LogWindows:    2. 'Intel(R) UHD Graphics' (P:0 D:0)
[2021.11.08-08.38.14:567][  0]LogWindows: DebugString: PrimaryIsNotTheChoosenAdapter PrimaryIsNotTheChoosenAdapter PrimaryIsNotTheChoosenAdapter FoundDriverCount:0 
[2021.11.08-08.38.14:567][  0]LogD3D11RHI:     Adapter Name: NVIDIA GeForce GTX 1650 with Max-Q Design
[2021.11.08-08.38.14:567][  0]LogD3D11RHI:   Driver Version: Unknown (internal:Unknown, unified:Unknown)
[2021.11.08-08.38.14:567][  0]LogD3D11RHI:      Driver Date: Unknown
[2021.11.08-08.38.14:567][  0]LogRHI: Texture pool is 2773 MB (70% of 3962 MB)
[2021.11.08-08.38.14:567][  0]LogD3D11RHI: Creating D3DDevice using adapter:
[2021.11.08-08.38.14:567][  0]LogD3D11RHI:     Description : NVIDIA GeForce GTX 1650 with Max-Q Design
[2021.11.08-08.38.14:567][  0]LogD3D11RHI:     VendorId    : 10de
[2021.11.08-08.38.14:567][  0]LogD3D11RHI:     DeviceId    : 1f9d
[2021.11.08-08.38.14:567][  0]LogD3D11RHI:     SubSysId    : 12f41462
[2021.11.08-08.38.14:567][  0]LogD3D11RHI:     Revision    : 00a1
[2021.11.08-08.38.14:567][  0]LogD3D11RHI:     DedicatedVideoMemory : 4154458112 bytes
[2021.11.08-08.38.14:567][  0]LogD3D11RHI:     DedicatedSystemMemory : 0 bytes
[2021.11.08-08.38.14:567][  0]LogD3D11RHI:     SharedSystemMemory : 8494641152 bytes
[2021.11.08-08.38.14:567][  0]LogD3D11RHI:     AdapterLuid : 0 54048
[2021.11.08-08.38.14:630][  0]LogD3D11RHI: RHI has support for 64 bit atomics
[2021.11.08-08.38.14:631][  0]LogD3D11RHI: Async texture creation enabled
[2021.11.08-08.38.14:631][  0]LogD3D11RHI: Array index from any shader is supported
[2021.11.08-08.38.14:643][  0]LogD3D11RHI: GPU Timing Frequency: 1000.000000 (Debug: 2 1)
[2021.11.08-08.38.14:673][  0]LogRHI: GeForceNow SDK initialized: 1
[2021.11.08-08.38.14:901][  0]LogTargetPlatformManager: Display: Loaded TargetPlatform 'AllDesktop'
[2021.11.08-08.38.14:918][  0]LogTargetPlatformManager: Display: Loaded TargetPlatform 'Android'
[2021.11.08-08.38.14:918][  0]LogTargetPlatformManager: Display: Loaded TargetPlatform 'Android_ASTC'
[2021.11.08-08.38.14:918][  0]LogTargetPlatformManager: Display: Loaded TargetPlatform 'Android_DXT'
[2021.11.08-08.38.14:918][  0]LogTargetPlatformManager: Display: Loaded TargetPlatform 'Android_ETC2'
[2021.11.08-08.38.14:918][  0]LogTargetPlatformManager: Display: Loaded TargetPlatform 'AndroidClient'
[2021.11.08-08.38.14:918][  0]LogTargetPlatformManager: Display: Loaded TargetPlatform 'Android_ASTCClient'
[2021.11.08-08.38.14:918][  0]LogTargetPlatformManager: Display: Loaded TargetPlatform 'Android_DXTClient'
[2021.11.08-08.38.14:918][  0]LogTargetPlatformManager: Display: Loaded TargetPlatform 'Android_ETC2Client'
[2021.11.08-08.38.14:919][  0]LogTargetPlatformManager: Display: Loaded TargetPlatform 'Android_Multi'
[2021.11.08-08.38.14:919][  0]LogTargetPlatformManager: Display: Loaded TargetPlatform 'Android_MultiClient'
[2021.11.08-08.38.14:933][  0]LogTargetPlatformManager: Display: Loaded TargetPlatform 'IOSClient'
[2021.11.08-08.38.14:933][  0]LogTargetPlatformManager: Display: Loaded TargetPlatform 'IOS'
[2021.11.08-08.38.14:941][  0]LogTargetPlatformManager: Display: Loaded TargetPlatform 'Linux'
[2021.11.08-08.38.14:944][  0]LogTargetPlatformManager: Display: Loaded TargetPlatform 'LinuxNoEditor'
[2021.11.08-08.38.14:947][  0]LogTargetPlatformManager: Display: Loaded TargetPlatform 'LinuxClient'
[2021.11.08-08.38.14:950][  0]LogTargetPlatformManager: Display: Loaded TargetPlatform 'LinuxServer'
[2021.11.08-08.38.14:958][  0]LogTargetPlatformManager: Display: Loaded TargetPlatform 'LinuxAArch64NoEditor'
[2021.11.08-08.38.14:961][  0]LogTargetPlatformManager: Display: Loaded TargetPlatform 'LinuxAArch64Client'
[2021.11.08-08.38.14:965][  0]LogTargetPlatformManager: Display: Loaded TargetPlatform 'LinuxAArch64Server'
[2021.11.08-08.38.14:988][  0]LogTargetPlatformManager: Display: Loaded TargetPlatform 'Lumin'
[2021.11.08-08.38.14:988][  0]LogTargetPlatformManager: Display: Loaded TargetPlatform 'LuminClient'
[2021.11.08-08.38.14:996][  0]LogTargetPlatformManager: Display: Loaded TargetPlatform 'MacNoEditor'
[2021.11.08-08.38.14:999][  0]LogTargetPlatformManager: Display: Loaded TargetPlatform 'Mac'
[2021.11.08-08.38.15:002][  0]LogTargetPlatformManager: Display: Loaded TargetPlatform 'MacClient'
[2021.11.08-08.38.15:006][  0]LogTargetPlatformManager: Display: Loaded TargetPlatform 'MacServer'
[2021.11.08-08.38.15:015][  0]LogTargetPlatformManager: Display: Loaded TargetPlatform 'TVOSClient'
[2021.11.08-08.38.15:015][  0]LogTargetPlatformManager: Display: Loaded TargetPlatform 'TVOS'
[2021.11.08-08.38.15:023][  0]LogTargetPlatformManager: Display: Loaded TargetPlatform 'WindowsNoEditor'
[2021.11.08-08.38.15:026][  0]LogTargetPlatformManager: Display: Loaded TargetPlatform 'Windows'
[2021.11.08-08.38.15:030][  0]LogTargetPlatformManager: Display: Loaded TargetPlatform 'WindowsClient'
[2021.11.08-08.38.15:033][  0]LogTargetPlatformManager: Display: Loaded TargetPlatform 'WindowsServer'
[2021.11.08-08.38.15:033][  0]LogTargetPlatformManager: Display: Building Assets For Windows
[2021.11.08-08.38.15:039][  0]LogAudioDebug: Display: Lib vorbis DLL was dynamically loaded.
[2021.11.08-08.38.15:062][  0]LogTextureFormatOodle: Display: Oodle Texture 2.9.0 init RDO Off
[2021.11.08-08.38.15:084][  0]LogRendererCore: Ray tracing is disabled. Reason: r.RayTracing=0.
[2021.11.08-08.38.15:084][  0]LogShaderCompilers: Guid format shader working directory is 12 characters bigger than the processId version (../../../../../../UE4/SquidGame/Intermediate/Shaders/WorkingDirectory/10140/).
[2021.11.08-08.38.15:084][  0]LogShaderCompilers: Cleaned the shader compiler working directory 'C:/Users/YGL/AppData/Local/Temp/UnrealShaderWorkingDir/15EB62FA43A2E0647C472B98749E7700/'.
[2021.11.08-08.38.15:084][  0]LogXGEController: Cannot use XGE Controller as Incredibuild is not installed on this machine.
[2021.11.08-08.38.15:084][  0]LogShaderCompilers: Cannot use XGE Shader Compiler as Incredibuild is not installed on this machine.
[2021.11.08-08.38.15:084][  0]LogShaderCompilers: Display: Using Local Shader Compiler.
[2021.11.08-08.38.15:735][  0]LogDerivedDataCache: Display: Max Cache Size: 512 MB
[2021.11.08-08.38.15:784][  0]LogDerivedDataCache: Loaded boot cache 0.05s 94MB C:/Users/YGL/AppData/Local/UnrealEngine/4.27/DerivedDataCache/Boot.ddc.
[2021.11.08-08.38.15:784][  0]LogDerivedDataCache: Display: Loaded Boot cache: C:/Users/YGL/AppData/Local/UnrealEngine/4.27/DerivedDataCache/Boot.ddc
[2021.11.08-08.38.15:784][  0]LogDerivedDataCache: FDerivedDataBackendGraph:  Pak pak cache file ../../../../../../UE4/SquidGame/DerivedDataCache/DDC.ddp not found, will not use a pak cache.
[2021.11.08-08.38.15:784][  0]LogDerivedDataCache: Unable to find inner node Pak for hierarchical cache Hierarchy.
[2021.11.08-08.38.15:784][  0]LogDerivedDataCache: FDerivedDataBackendGraph:  CompressedPak pak cache file ../../../../../../UE4/SquidGame/DerivedDataCache/Compressed.ddp not found, will not use a pak cache.
[2021.11.08-08.38.15:784][  0]LogDerivedDataCache: Unable to find inner node CompressedPak for hierarchical cache Hierarchy.
[2021.11.08-08.38.15:798][  0]LogDerivedDataCache: Display: Pak cache opened for reading ../../../Engine/DerivedDataCache/Compressed.ddp.
[2021.11.08-08.38.15:798][  0]LogDerivedDataCache: FDerivedDataBackendGraph:  EnterprisePak pak cache file ../../../Enterprise/DerivedDataCache/Compressed.ddp not found, will not use a pak cache.
[2021.11.08-08.38.15:798][  0]LogDerivedDataCache: Unable to find inner node EnterprisePak for hierarchical cache Hierarchy.
[2021.11.08-08.38.15:815][  0]LogDerivedDataCache: Speed tests for C:/Users/YGL/AppData/Local/UnrealEngine/Common/DerivedDataCache took 0.02 seconds
[2021.11.08-08.38.15:815][  0]LogDerivedDataCache: Display: Performance to C:/Users/YGL/AppData/Local/UnrealEngine/Common/DerivedDataCache: Latency=0.02ms. RandomReadSpeed=361.10MBs, RandomWriteSpeed=62.94MBs. Assigned SpeedClass 'Local'
[2021.11.08-08.38.15:816][  0]LogDerivedDataCache: Using Local data cache path C:/Users/YGL/AppData/Local/UnrealEngine/Common/DerivedDataCache: Writable
[2021.11.08-08.38.15:816][  0]LogDerivedDataCache: Shared data cache path not found in *engine.ini, will not use an Shared cache.
[2021.11.08-08.38.15:816][  0]LogDerivedDataCache: Unable to find inner node Shared for hierarchical cache Hierarchy.
[2021.11.08-08.38.15:855][  0]LogSlate: Using FreeType 2.10.0
[2021.11.08-08.38.15:856][  0]LogSlate: SlateFontServices - WITH_FREETYPE: 1, WITH_HARFBUZZ: 1
[2021.11.08-08.38.15:875][  0]LogAssetRegistry: FAssetRegistry took 0.0025 seconds to start up
[2021.11.08-08.38.16:075][  0]LogInit: Selected Device Profile: [Windows]
[2021.11.08-08.38.16:075][  0]LogInit: Active device profile: [0000027208642C00][000002720651E7C0 49] Windows
[2021.11.08-08.38.16:075][  0]LogInit: Profiles: [0000027208642C00][000002720651E7C0 49] Windows, [00000272085B8C00][000002720647C900 49] WindowsNoEditor, [0000027208642800][00000272784B0A80 49] WindowsServer, [00000272085B8F00][00000272784B4C00 49] WindowsClient, [0000027208642500][0000027208560D80 49] IOS, [0000027209587F00][000002720856EF00 49] iPadAir, [00000272085BB400][0000027208573080 49] iPadAir2, [0000027209541300][000002720857B340 49] IPadPro, [0000027209541400][0000027208577380 49] iPadAir3, [00000272085BA700][000002727F969500 49] iPadAir4, [0000027209542300][000002727F96D680 49] iPadMini2, [00000272085B8A00][000002727F971800 49] iPadMini3, [0000027209542F00][000002727F975980 49] iPadMini4, [00000272085B9500][000002727F98DB00 49] iPadMini5, [0000027209587B00][000002720644C240 49] iPhone6, [0000027209587C00][0000027206448280 49] iPodTouch6, [0000027208641B00][0000027206454540 49] iPhone7, [0000027208643000][0000027206450580 49] iPodTouch7, [0000027209587300][000002720645C700 49] iPhone5S, [0000027209541800][000002720794A840 49] iPhone6Plus, [0000027209586A00][000002720772C980 49] iPhone6S, [0000027209540500][0000027207730AC0 49] iPhone6SPlus, [0000027209587200][0000027207738C40 49] iPhone7Plus, [0000027209541A00][000002727E384DC0 49] iPhoneSE, [0000027209585800][000002727E388F40 49] iPhone8, [0000027209542700][000002727E38D0C0 49] iPhone8Plus, [0000027209585400][000002727E39D240 49] iPhoneX, [0000027209543600][000002727E3A13C0 49] iPhoneXS, [0000027209586000][0000027207E67540 49] iPhoneXSMax, [0000027209542600][0000027207E6B6C0 49] iPhoneXR, [0000027209584B00][0000027207E6F840 49] iPhone11, [0000027209541900][000002720793B9C0 49] iPhone11Pro, [0000027209587800][000002720793FB40 49] iPhone11ProMax, [0000027208641800][0000027206458140 49] iPhoneSE2, [0000027209586500][00000272064602C0 49] iPhone12Mini, [0000027208642900][000002727F91E440 49] iPhone12, [0000027209587700][000002727F9225C0 49] iPhone12Pro, [0000027208642000][000002727F926740 49] iPhone12ProMax, [0000027209585B00][000002727F92A8C0 49] iPadPro105, [0000027208641500][0000027207734A00 49] iPadPro129, [0000027209587100][000002727F92EB40 49] iPadPro97, [0000027208641C00][000002727F932C80 49] iPadPro2_129, [0000027209584A00][000002727F936DC0 49] iPad5, [0000027208641200][000002727F93EF40 49] iPad6, [0000027209584300][0000027204F6D0C0 49] iPad7, [0000027208641A00][0000027204F71240 49] iPad8, [0000027209587E00][0000027204F753C0 49] iPadPro11, [0000027208640F00][0000027204F79540 49] iPadPro2_11, [0000027209585300][0000027204F7D6C0 49] iPadPro3_129, [0000027208641000][0000027204F81840 49] iPadPro4_129, [0000027209584D00][0000027204F859C0 49] AppleTV, [0000027208640300][0000027204F89B40 49] AppleTV4K, [0000027209584500][0000027204F8C140 49] TVOS, [0000027208642A00][0000027204F902C0 49] Mac, [0000027209584700][000002720773C440 49] MacClient, [0000027208640B00][00000272077405C0 49] MacNoEditor, [0000027209586400][0000027207744740 49] MacServer, [0000027208640700][00000272077488C0 49] Linux, [0000027209584100][000002720774CA40 49] LinuxAArch64, [0000027208640900][000002727F93AB80 49] LinuxNoEditor, [0000027209586C00][0000027207750CC0 49] LinuxAArch64NoEditor, [0000027208642700][0000027207754E00 49] LinuxClient, [0000027209584800][0000027207758F40 49] LinuxAArch64Client, [0000027208642200][00000272077610C0 49] LinuxServer, [0000027209585100][0000027207765240 49] LinuxAArch64Server, [0000027208640100][00000272077693C0 49] Android, [0000027209584200][000002720776D540 49] Android_Low, [0000027208642E00][00000272077716C0 49] Android_Mid, [0000027209586E00][0000027207775840 49] Android_High, [0000027208642F00][00000272077799C0 49] Android_Default, [0000027209585200][000002720777DB40 49] Android_Adreno4xx, [0000027208643300][0000027207780140 49] Android_Adreno5xx_Low, [00000272085BAB00][00000272077842C0 49] Android_Adreno5xx, [0000027209541200][000002720767E440 49] Android_Adreno6xx, [00000272085BB900][00000272076825C0 49] Android_Adreno6xx_Vulkan, [0000027209542900][0000027207686740 49] Android_Mali_T6xx, [00000272085B9900][000002720768A8C0 49] Android_Mali_T7xx, [0000027209543900][000002720768EA40 49] Android_Mali_T8xx, [00000272085B8900][0000027207692BC0 49] Android_Mali_G71, [0000027209541F00][0000027207696D40 49] Android_Mali_G72, [00000272085BB200][000002720775CE80 49] Android_Mali_G72_Vulkan, [0000027209542000][000002720769AFC0 49] Android_Mali_G76, [00000272085BB600][000002720769F100 49] Android_Mali_G76_Vulkan, [0000027209542500][00000272076A7280 49] Android_Mali_G77, [00000272085BA300][00000272076AB400 49] Android_Mali_G77_Vulkan, [0000027209540200][00000272076AF580 49] Android_Mali_G78, [00000272085BB800][00000272076B3700 49] Android_Mali_G78_Vulkan, [0000027209540F00][00000272076B7880 49] Android_Mali_G710, [00000272085BA400][00000272076BBA00 49] Android_Mali_G710_Vulkan, [0000027209542B00][00000272076BFB80 49] Android_Vulkan_SM5, [00000272085B8200][00000272076C2180 49] Android_PowerVR_G6xxx, [0000027209541600][00000272076C6300 49] Android_PowerVR_GT7xxx, [00000272085BAC00][00000272076CA480 49] Android_PowerVR_GE8xxx, [0000027209541000][00000272076CE600 49] Android_PowerVR_GM9xxx, [00000272085B8100][00000272076D2780 49] Android_PowerVR_GM9xxx_Vulkan, [0000027209543B00][00000272076D6900 49] Android_TegraK1, [00000272085BB300][00000272076DAA80 49] Android_Unknown_Vulkan, [0000027209541D00][00000272076DEC00 49] Lumin, [00000272085BAD00][00000272076E2D80 49] Lumin_Desktop, [0000027209543400][00000272076E6F00 49] HoloLens, 
[2021.11.08-08.38.16:178][  0]LogMeshReduction: Using QuadricMeshReduction for automatic static mesh reduction
[2021.11.08-08.38.16:178][  0]LogMeshReduction: Using SimplygonMeshReduction for automatic skeletal mesh reduction
[2021.11.08-08.38.16:178][  0]LogMeshReduction: Using ProxyLODMeshReduction for automatic mesh merging
[2021.11.08-08.38.16:178][  0]LogMeshReduction: No distributed automatic mesh merging module available
[2021.11.08-08.38.16:178][  0]LogMeshMerging: No distributed automatic mesh merging module available
[2021.11.08-08.38.16:188][  0]LogNetVersion: SquidGame 1.0.0, NetCL: 17155196, EngineNetVer: 17, GameNetVer: 0 (Checksum: 1067773189)
[2021.11.08-08.38.16:501][  0]LogTexture: Default maximum texture size for cubemaps generated from long-lat sources has been changed from 512 to unlimited. In order to preserve old behaiour for '/Engine/MapTemplates/Sky/DaylightAmbientCubemap.DaylightAmbientCubemap', its maximum texture size has been explicitly set to 512.
[2021.11.08-08.38.16:546][  0]LogHMD: PokeAHoleMaterial loaded successfully
[2021.11.08-08.38.16:551][  0]LogUObjectArray: 17178 objects as part of root set at end of initial load.
[2021.11.08-08.38.16:551][  0]LogUObjectAllocator: 4301856 out of 0 bytes used by permanent object pool.
[2021.11.08-08.38.16:551][  0]LogUObjectArray: CloseDisregardForGC: 0/0 objects in disregard for GC pool
[2021.11.08-08.38.16:674][  0]LogNiagaraDebuggerClient: Niagara Debugger Client Initialized | Session: 42B80431484CAB16EB6E06934435F6DD | Instance: FBCDE74446612DECA161C09AC262027E (DESKTOP-BQD4PPR-10140).
[2021.11.08-08.38.16:764][  0]LogImageWrapper: Warning: PNG Warning: Duplicate iCCP chunk
[2021.11.08-08.38.16:764][  0]LogImageWrapper: Warning: PNG Warning: Duplicate iCCP chunk
[2021.11.08-08.38.16:764][  0]LogPython: Using Python 3.7.7
[2021.11.08-08.38.17:210][  0]LogUdpMessaging: Initializing bridge on interface 0.0.0.0:0 to multicast group 230.0.0.1:6666.
[2021.11.08-08.38.17:215][  0]LogTcpMessaging: Initializing TcpMessaging bridge
[2021.11.08-08.38.17:412][  0]SourceControl: 소스 컨트롤이 꺼졌습니다.
[2021.11.08-08.38.17:412][  0]SourceControl: 소스 컨트롤이 꺼졌습니다.
[2021.11.08-08.38.17:415][  0]SourceControl: 소스 컨트롤이 꺼졌습니다.
[2021.11.08-08.38.17:417][  0]SourceControl: 소스 컨트롤이 꺼졌습니다.
[2021.11.08-08.38.17:421][  0]SourceControl: 소스 컨트롤이 꺼졌습니다.
[2021.11.08-08.38.17:428][  0]LogUProjectInfo: Found projects:
[2021.11.08-08.38.17:556][  0]LogOpenImageDenoise: OIDN starting up
[2021.11.08-08.38.17:577][  0]LogAndroidPermission: UAndroidPermissionCallbackProxy::GetInstance
[2021.11.08-08.38.17:595][  0]LogAudioCaptureCore: Display: No Audio Capture implementations found. Audio input will be silent.
[2021.11.08-08.38.17:595][  0]LogAudioCaptureCore: Display: No Audio Capture implementations found. Audio input will be silent.
[2021.11.08-08.38.17:743][  0]LogOcInput: OculusInput pre-init called
[2021.11.08-08.38.17:907][  0]LogImageWrapper: Warning: PNG Warning: Duplicate iCCP chunk
[2021.11.08-08.38.17:907][  0]LogImageWrapper: Warning: PNG Warning: Duplicate iCCP chunk
[2021.11.08-08.38.17:915][  0]LogCollectionManager: Loaded 0 collections in 0.001708 seconds
[2021.11.08-08.38.17:963][  0]LogFileCache: Scanning file cache for directory 'C:/UE4/SquidGame/Saved/Collections/' took 0.00s
[2021.11.08-08.38.17:963][  0]LogFileCache: Scanning file cache for directory 'C:/UE4/SquidGame/Content/Developers/YGL/Collections/' took 0.00s
[2021.11.08-08.38.17:963][  0]LogFileCache: Scanning file cache for directory 'C:/UE4/SquidGame/Content/Collections/' took 0.00s
[2021.11.08-08.38.17:963][  0]LogEngine: Initializing Engine...
[2021.11.08-08.38.17:965][  0]LogHMD: Failed to enumerate extensions. Please check that you have a valid OpenXR runtime installed.
[2021.11.08-08.38.17:965][  0]LogHMD: Failed to initialize OpenVR with code 110
[2021.11.08-08.38.17:965][  0]LogMagicLeap: Warning: VR disabled because ZI is not enabled.  To enable, in the editor, Edit -> Project Settings -> Plugins -> Magic Leap Plugin -> Enable Zero Iteration
[2021.11.08-08.38.17:965][  0]LogStats: UGameplayTagsManager::InitializeManager -  0.000 s
[2021.11.08-08.38.18:079][  0]LogInit: Initializing FReadOnlyCVARCache
[2021.11.08-08.38.18:084][  0]LogAIModule: Creating AISystem for world Untitled
[2021.11.08-08.38.18:085][  0]LogAudio: Display: Initializing Audio Device Manager...
[2021.11.08-08.38.18:087][  0]LogAudio: Display: Loading Default Audio Settings Objects...
[2021.11.08-08.38.18:088][  0]LogAudio: Display: No default SoundConcurrencyObject specified (or failed to load).
[2021.11.08-08.38.18:088][  0]LogAudio: Display: Audio Device Manager Initialized
[2021.11.08-08.38.18:088][  0]LogAudio: Display: Creating Audio Device:                 Id: 1, Scope: Shared, Realtime: True
[2021.11.08-08.38.18:088][  0]LogAudioMixer: Display: Audio Mixer Platform Settings:
[2021.11.08-08.38.18:088][  0]LogAudioMixer: Display: 	Sample Rate:						  48000
[2021.11.08-08.38.18:088][  0]LogAudioMixer: Display: 	Callback Buffer Frame Size Requested: 1024
[2021.11.08-08.38.18:088][  0]LogAudioMixer: Display: 	Callback Buffer Frame Size To Use:	  1024
[2021.11.08-08.38.18:088][  0]LogAudioMixer: Display: 	Number of buffers to queue:			  2
[2021.11.08-08.38.18:088][  0]LogAudioMixer: Display: 	Max Channels (voices):				  32
[2021.11.08-08.38.18:088][  0]LogAudioMixer: Display: 	Number of Async Source Workers:		  0
[2021.11.08-08.38.18:088][  0]LogAudio: Display: AudioDevice MaxSources: 32
[2021.11.08-08.38.18:088][  0]LogAudio: Display: Audio Spatialization Plugin: None (built-in).
[2021.11.08-08.38.18:088][  0]LogAudio: Display: Audio Reverb Plugin: None (built-in).
[2021.11.08-08.38.18:088][  0]LogAudio: Display: Audio Occlusion Plugin: None (built-in).
[2021.11.08-08.38.18:088][  0]LogAudioMixer: Display: Initializing audio mixer.
[2021.11.08-08.38.18:097][  0]LogAudioMixer: Display: 0: FrontLeft
[2021.11.08-08.38.18:097][  0]LogAudioMixer: Display: 1: FrontRight
[2021.11.08-08.38.18:125][  0]LogAudioMixer: Display: Using Audio Device 스피커(Realtek(R) Audio)
[2021.11.08-08.38.18:130][  0]LogAudioMixer: Display: Initializing Sound Submixes...
[2021.11.08-08.38.18:131][  0]LogAudioMixer: Display: Creating Master Submix 'MasterSubmixDefault'
[2021.11.08-08.38.18:131][  0]LogAudioMixer: Display: Creating Master Submix 'MasterReverbSubmixDefault'
[2021.11.08-08.38.18:132][  0]LogAudioMixer: Display: Creating Master Submix 'MasterEQSubmixDefault'
[2021.11.08-08.38.18:132][  0]LogAudioMixer: FMixerPlatformXAudio2::StartAudioStream() called
[2021.11.08-08.38.18:132][  0]LogAudioMixer: Display: Output buffers initialized: Frames=1024, Channels=2, Samples=2048
[2021.11.08-08.38.18:133][  0]LogAudioMixer: Display: Starting AudioMixerPlatformInterface::RunInternal()
[2021.11.08-08.38.18:133][  0]LogAudioMixer: Display: FMixerPlatformXAudio2::SubmitBuffer() called for the first time
[2021.11.08-08.38.18:133][  0]LogInit: FAudioDevice initialized.
[2021.11.08-08.38.18:133][  0]LogAudio: Display: Audio Device (ID: 1) registered with world 'Untitled'.
[2021.11.08-08.38.18:133][  0]LogNetVersion: Set ProjectVersion to 1.0.0.0. Version Checksum will be recalculated on next use.
[2021.11.08-08.38.18:175][  0]LogDerivedDataCache: Saved boot cache 0.04s 94MB C:/Users/YGL/AppData/Local/UnrealEngine/4.27/DerivedDataCache/Boot.ddc.
[2021.11.08-08.38.18:178][  0]LogInit: Texture streaming: Enabled
[2021.11.08-08.38.18:187][  0]LogAnalytics: Display: [UEEditor.Rocket.Release] APIServer = https://datarouter.ol.epicgames.com/. AppVersion = 4.27.1-17735300+++UE4+Release-4.27
[2021.11.08-08.38.18:190][  0]LogEngineSessionManager: EngineSessionManager initialized
[2021.11.08-08.38.18:190][  0]LogEditorSessionSummary: Verbose: Initializing EditorSessionSummaryWriter for editor session tracking
[2021.11.08-08.38.18:191][  0]LogEditorSessionSummary: EditorSessionSummaryWriter initialized
[2021.11.08-08.38.18:209][  0]LogInit: Transaction tracking system initialized
[2021.11.08-08.38.18:224][  0]BlueprintLog: New page: 에디터 로드
[2021.11.08-08.38.18:277][  0]LocalizationService: 현지화 서비스가 비활성화되었습니다.
[2021.11.08-08.38.18:297][  0]TimingProfiler: Initialize
[2021.11.08-08.38.18:297][  0]TimingProfiler: OnSessionChanged
[2021.11.08-08.38.18:297][  0]LoadingProfiler: Initialize
[2021.11.08-08.38.18:297][  0]LoadingProfiler: OnSessionChanged
[2021.11.08-08.38.18:297][  0]NetworkingProfiler: Initialize
[2021.11.08-08.38.18:297][  0]NetworkingProfiler: OnSessionChanged
[2021.11.08-08.38.18:297][  0]MemoryProfiler: Initialize
[2021.11.08-08.38.18:297][  0]MemoryProfiler: OnSessionChanged
[2021.11.08-08.38.18:406][  0]LogCook: Display: CookSettings for Memory: MemoryMaxUsedVirtual 0MiB, MemoryMaxUsedPhysical 16384MiB, MemoryMinFreeVirtual 0MiB, MemoryMinFreePhysical 1024MiB
[2021.11.08-08.38.18:406][  0]LogCook: Display: Mobile HDR setting 1
[2021.11.08-08.38.18:551][  0]LogFileCache: Scanning file cache for directory 'C:/UE4/SquidGame/Content/' took 0.00s
[2021.11.08-08.38.18:719][  0]LogImageWrapper: Warning: PNG Warning: Duplicate iCCP chunk
[2021.11.08-08.38.18:719][  0]LogImageWrapper: Warning: PNG Warning: Duplicate iCCP chunk
[2021.11.08-08.38.18:719][  0]LogInit: Display: Engine is initialized. Leaving FEngineLoop::Init()
[2021.11.08-08.38.18:721][  0]SourceControl: 소스 컨트롤이 꺼졌습니다.
[2021.11.08-08.38.18:722][  0]LogUnrealEdMisc: Loading editor; pre map load, took 5.449
[2021.11.08-08.38.18:722][  0]Cmd: MAP LOAD FILE="../../../../../../UE4/SquidGame/Content/ThirdPersonBP/Maps/ThirdPersonExampleMap.umap" TEMPLATE=0 SHOWPROGRESS=1 FEATURELEVEL=3
[2021.11.08-08.38.18:722][  0]LightingResults: New page: 라이팅 빌드
[2021.11.08-08.38.18:723][  0]LogWorld: UWorld::CleanupWorld for Untitled, bSessionEnded=true, bCleanupResources=true
[2021.11.08-08.38.18:723][  0]LogSlate: InvalidateAllWidgets triggered.  All widgets were invalidated
[2021.11.08-08.38.18:723][  0]MapCheck: New page: 맵 체크
[2021.11.08-08.38.18:723][  0]LightingResults: New page: 라이팅 빌드
[2021.11.08-08.38.18:727][  0]LogAudio: Display: Audio Device unregistered from world 'None'.
[2021.11.08-08.38.18:730][  0]LogUObjectHash: Compacting FUObjectHashTables data took   0.69ms
[2021.11.08-08.38.19:034][  0]LogAudio: Display: Audio Device (ID: 1) registered with world 'ThirdPersonExampleMap'.
[2021.11.08-08.38.19:035][  0]LogAIModule: Creating AISystem for world ThirdPersonExampleMap
[2021.11.08-08.38.19:040][  0]LogEditorServer: Finished looking for orphan Actors (0.000 secs)
[2021.11.08-08.38.19:048][  0]LogUObjectHash: Compacting FUObjectHashTables data took   0.76ms
[2021.11.08-08.38.19:049][  0]Cmd: MAP CHECKDEP NOCLEARLOG
[2021.11.08-08.38.19:049][  0]MapCheck: 맵 체크 완료: 오류 0 회, 경고 0 회, 소요 시간 0.134ms.
[2021.11.08-08.38.19:049][  0]LogFileHelpers: Loading map 'ThirdPersonExampleMap' took 0.327
[2021.11.08-08.38.19:050][  0]LogUnrealEdMisc: Total Editor Startup Time, took 5.778
[2021.11.08-08.38.19:151][  0]LogSlate: Updating window title bar state: overlay mode, drag disabled, window buttons hidden, title bar hidden
[2021.11.08-08.38.19:156][  0]LogSlate: Updating window title bar state: overlay mode, drag disabled, window buttons hidden, title bar hidden
[2021.11.08-08.38.19:163][  0]LogSlate: Updating window title bar state: overlay mode, drag disabled, window buttons hidden, title bar hidden
[2021.11.08-08.38.19:168][  0]LogSlate: Updating window title bar state: overlay mode, drag disabled, window buttons hidden, title bar hidden
[2021.11.08-08.38.19:179][  0]LogNativeClassHierarchy: Verbose: Native class hierarchy populated in 0.0082 seconds. Added 3822 classes and 928 folders.
[2021.11.08-08.38.19:181][  0]LogNativeClassHierarchy: Verbose: Native class hierarchy updated for 'WidgetCarousel' in 0.0002 seconds. Added 0 classes and 0 folders.
[2021.11.08-08.38.19:182][  0]LogPakFile: PakFile PrimaryIndexSize=187
[2021.11.08-08.38.19:182][  0]LogPakFile: PakFile PathHashIndexSize=101
[2021.11.08-08.38.19:182][  0]LogPakFile: PakFile FullDirectoryIndexSize=148
[2021.11.08-08.38.19:182][  0]LogShaderLibrary: Display: ShaderCodeLibraryPakFileMountedCallback: PakFile 'C:/Program Files/Epic Games/UE_4.27/FeaturePacks/FP_FirstPerson.upack' (chunk index -1, root 'root:/') mounted
[2021.11.08-08.38.19:182][  0]LogShaderLibrary: Display: ShaderCodeLibraryPakFileMountedCallback: pending pak file info (ChunkID:-1 Root:root:/ File:C:/Program Files/Epic Games/UE_4.27/FeaturePacks/FP_FirstPerson.upack)
[2021.11.08-08.38.19:182][  0]LogPakFile: OnPakFileMounted2Time == 0.000045
[2021.11.08-08.38.19:182][  0]LogPakFile: PakFile PrimaryIndexSize=189
[2021.11.08-08.38.19:182][  0]LogPakFile: PakFile PathHashIndexSize=101
[2021.11.08-08.38.19:182][  0]LogPakFile: PakFile FullDirectoryIndexSize=152
[2021.11.08-08.38.19:182][  0]LogShaderLibrary: Display: ShaderCodeLibraryPakFileMountedCallback: PakFile 'C:/Program Files/Epic Games/UE_4.27/FeaturePacks/FP_FirstPersonBP.upack' (chunk index -1, root 'root:/') mounted
[2021.11.08-08.38.19:182][  0]LogShaderLibrary: Display: ShaderCodeLibraryPakFileMountedCallback: pending pak file info (ChunkID:-1 Root:root:/ File:C:/Program Files/Epic Games/UE_4.27/FeaturePacks/FP_FirstPersonBP.upack)
[2021.11.08-08.38.19:182][  0]LogPakFile: OnPakFileMounted2Time == 0.000031
[2021.11.08-08.38.19:183][  0]LogPakFile: PakFile PrimaryIndexSize=191
[2021.11.08-08.38.19:183][  0]LogPakFile: PakFile PathHashIndexSize=101
[2021.11.08-08.38.19:183][  0]LogPakFile: PakFile FullDirectoryIndexSize=160
[2021.11.08-08.38.19:183][  0]LogShaderLibrary: Display: ShaderCodeLibraryPakFileMountedCallback: PakFile 'C:/Program Files/Epic Games/UE_4.27/FeaturePacks/MobileStarterContent.upack' (chunk index -1, root 'root:/') mounted
[2021.11.08-08.38.19:183][  0]LogShaderLibrary: Display: ShaderCodeLibraryPakFileMountedCallback: pending pak file info (ChunkID:-1 Root:root:/ File:C:/Program Files/Epic Games/UE_4.27/FeaturePacks/MobileStarterContent.upack)
[2021.11.08-08.38.19:183][  0]LogPakFile: OnPakFileMounted2Time == 0.000028
[2021.11.08-08.38.19:183][  0]LogPakFile: PakFile PrimaryIndexSize=185
[2021.11.08-08.38.19:183][  0]LogPakFile: PakFile PathHashIndexSize=101
[2021.11.08-08.38.19:183][  0]LogPakFile: PakFile FullDirectoryIndexSize=148
[2021.11.08-08.38.19:183][  0]LogShaderLibrary: Display: ShaderCodeLibraryPakFileMountedCallback: PakFile 'C:/Program Files/Epic Games/UE_4.27/FeaturePacks/StarterContent.upack' (chunk index -1, root 'root:/') mounted
[2021.11.08-08.38.19:183][  0]LogShaderLibrary: Display: ShaderCodeLibraryPakFileMountedCallback: pending pak file info (ChunkID:-1 Root:root:/ File:C:/Program Files/Epic Games/UE_4.27/FeaturePacks/StarterContent.upack)
[2021.11.08-08.38.19:183][  0]LogPakFile: OnPakFileMounted2Time == 0.000029
[2021.11.08-08.38.19:184][  0]LogPakFile: PakFile PrimaryIndexSize=190
[2021.11.08-08.38.19:184][  0]LogPakFile: PakFile PathHashIndexSize=101
[2021.11.08-08.38.19:184][  0]LogPakFile: PakFile FullDirectoryIndexSize=154
[2021.11.08-08.38.19:184][  0]LogShaderLibrary: Display: ShaderCodeLibraryPakFileMountedCallback: PakFile 'C:/Program Files/Epic Games/UE_4.27/FeaturePacks/TP_2DSideScroller.upack' (chunk index -1, root 'root:/') mounted
[2021.11.08-08.38.19:184][  0]LogShaderLibrary: Display: ShaderCodeLibraryPakFileMountedCallback: pending pak file info (ChunkID:-1 Root:root:/ File:C:/Program Files/Epic Games/UE_4.27/FeaturePacks/TP_2DSideScroller.upack)
[2021.11.08-08.38.19:184][  0]LogPakFile: OnPakFileMounted2Time == 0.000028
[2021.11.08-08.38.19:184][  0]LogPakFile: PakFile PrimaryIndexSize=192
[2021.11.08-08.38.19:184][  0]LogPakFile: PakFile PathHashIndexSize=101
[2021.11.08-08.38.19:184][  0]LogPakFile: PakFile FullDirectoryIndexSize=158
[2021.11.08-08.38.19:184][  0]LogShaderLibrary: Display: ShaderCodeLibraryPakFileMountedCallback: PakFile 'C:/Program Files/Epic Games/UE_4.27/FeaturePacks/TP_2DSideScrollerBP.upack' (chunk index -1, root 'root:/') mounted
[2021.11.08-08.38.19:184][  0]LogShaderLibrary: Display: ShaderCodeLibraryPakFileMountedCallback: pending pak file info (ChunkID:-1 Root:root:/ File:C:/Program Files/Epic Games/UE_4.27/FeaturePacks/TP_2DSideScrollerBP.upack)
[2021.11.08-08.38.19:184][  0]LogPakFile: OnPakFileMounted2Time == 0.000027
[2021.11.08-08.38.19:184][  0]LogPakFile: PakFile PrimaryIndexSize=182
[2021.11.08-08.38.19:185][  0]LogPakFile: PakFile PathHashIndexSize=101
[2021.11.08-08.38.19:185][  0]LogPakFile: PakFile FullDirectoryIndexSize=138
[2021.11.08-08.38.19:185][  0]LogShaderLibrary: Display: ShaderCodeLibraryPakFileMountedCallback: PakFile 'C:/Program Files/Epic Games/UE_4.27/FeaturePacks/TP_Flying.upack' (chunk index -1, root 'root:/') mounted
[2021.11.08-08.38.19:185][  0]LogShaderLibrary: Display: ShaderCodeLibraryPakFileMountedCallback: pending pak file info (ChunkID:-1 Root:root:/ File:C:/Program Files/Epic Games/UE_4.27/FeaturePacks/TP_Flying.upack)
[2021.11.08-08.38.19:185][  0]LogPakFile: OnPakFileMounted2Time == 0.000027
[2021.11.08-08.38.19:185][  0]LogPakFile: PakFile PrimaryIndexSize=184
[2021.11.08-08.38.19:185][  0]LogPakFile: PakFile PathHashIndexSize=101
[2021.11.08-08.38.19:185][  0]LogPakFile: PakFile FullDirectoryIndexSize=142
[2021.11.08-08.38.19:185][  0]LogShaderLibrary: Display: ShaderCodeLibraryPakFileMountedCallback: PakFile 'C:/Program Files/Epic Games/UE_4.27/FeaturePacks/TP_FlyingBP.upack' (chunk index -1, root 'root:/') mounted
[2021.11.08-08.38.19:185][  0]LogShaderLibrary: Display: ShaderCodeLibraryPakFileMountedCallback: pending pak file info (ChunkID:-1 Root:root:/ File:C:/Program Files/Epic Games/UE_4.27/FeaturePacks/TP_FlyingBP.upack)
[2021.11.08-08.38.19:185][  0]LogPakFile: OnPakFileMounted2Time == 0.000027
[2021.11.08-08.38.19:185][  0]LogPakFile: PakFile PrimaryIndexSize=188
[2021.11.08-08.38.19:185][  0]LogPakFile: PakFile PathHashIndexSize=101
[2021.11.08-08.38.19:185][  0]LogPakFile: PakFile FullDirectoryIndexSize=150
[2021.11.08-08.38.19:185][  0]LogShaderLibrary: Display: ShaderCodeLibraryPakFileMountedCallback: PakFile 'C:/Program Files/Epic Games/UE_4.27/FeaturePacks/TP_HandheldARBP.upack' (chunk index -1, root 'root:/') mounted
[2021.11.08-08.38.19:185][  0]LogShaderLibrary: Display: ShaderCodeLibraryPakFileMountedCallback: pending pak file info (ChunkID:-1 Root:root:/ File:C:/Program Files/Epic Games/UE_4.27/FeaturePacks/TP_HandheldARBP.upack)
[2021.11.08-08.38.19:185][  0]LogPakFile: OnPakFileMounted2Time == 0.000031
[2021.11.08-08.38.19:186][  0]LogPakFile: PakFile PrimaryIndexSize=182
[2021.11.08-08.38.19:186][  0]LogPakFile: PakFile PathHashIndexSize=101
[2021.11.08-08.38.19:186][  0]LogPakFile: PakFile FullDirectoryIndexSize=138
[2021.11.08-08.38.19:186][  0]LogShaderLibrary: Display: ShaderCodeLibraryPakFileMountedCallback: PakFile 'C:/Program Files/Epic Games/UE_4.27/FeaturePacks/TP_Puzzle.upack' (chunk index -1, root 'root:/') mounted
[2021.11.08-08.38.19:186][  0]LogShaderLibrary: Display: ShaderCodeLibraryPakFileMountedCallback: pending pak file info (ChunkID:-1 Root:root:/ File:C:/Program Files/Epic Games/UE_4.27/FeaturePacks/TP_Puzzle.upack)
[2021.11.08-08.38.19:186][  0]LogPakFile: OnPakFileMounted2Time == 0.000028
[2021.11.08-08.38.19:186][  0]LogPakFile: PakFile PrimaryIndexSize=184
[2021.11.08-08.38.19:186][  0]LogPakFile: PakFile PathHashIndexSize=101
[2021.11.08-08.38.19:186][  0]LogPakFile: PakFile FullDirectoryIndexSize=142
[2021.11.08-08.38.19:186][  0]LogShaderLibrary: Display: ShaderCodeLibraryPakFileMountedCallback: PakFile 'C:/Program Files/Epic Games/UE_4.27/FeaturePacks/TP_PuzzleBP.upack' (chunk index -1, root 'root:/') mounted
[2021.11.08-08.38.19:186][  0]LogShaderLibrary: Display: ShaderCodeLibraryPakFileMountedCallback: pending pak file info (ChunkID:-1 Root:root:/ File:C:/Program Files/Epic Games/UE_4.27/FeaturePacks/TP_PuzzleBP.upack)
[2021.11.08-08.38.19:186][  0]LogPakFile: OnPakFileMounted2Time == 0.000027
[2021.11.08-08.38.19:187][  0]LogPakFile: PakFile PrimaryIndexSize=183
[2021.11.08-08.38.19:187][  0]LogPakFile: PakFile PathHashIndexSize=101
[2021.11.08-08.38.19:187][  0]LogPakFile: PakFile FullDirectoryIndexSize=140
[2021.11.08-08.38.19:187][  0]LogShaderLibrary: Display: ShaderCodeLibraryPakFileMountedCallback: PakFile 'C:/Program Files/Epic Games/UE_4.27/FeaturePacks/TP_Rolling.upack' (chunk index -1, root 'root:/') mounted
[2021.11.08-08.38.19:187][  0]LogShaderLibrary: Display: ShaderCodeLibraryPakFileMountedCallback: pending pak file info (ChunkID:-1 Root:root:/ File:C:/Program Files/Epic Games/UE_4.27/FeaturePacks/TP_Rolling.upack)
[2021.11.08-08.38.19:187][  0]LogPakFile: OnPakFileMounted2Time == 0.000029
[2021.11.08-08.38.19:187][  0]LogPakFile: PakFile PrimaryIndexSize=185
[2021.11.08-08.38.19:187][  0]LogPakFile: PakFile PathHashIndexSize=101
[2021.11.08-08.38.19:187][  0]LogPakFile: PakFile FullDirectoryIndexSize=144
[2021.11.08-08.38.19:187][  0]LogShaderLibrary: Display: ShaderCodeLibraryPakFileMountedCallback: PakFile 'C:/Program Files/Epic Games/UE_4.27/FeaturePacks/TP_RollingBP.upack' (chunk index -1, root 'root:/') mounted
[2021.11.08-08.38.19:187][  0]LogShaderLibrary: Display: ShaderCodeLibraryPakFileMountedCallback: pending pak file info (ChunkID:-1 Root:root:/ File:C:/Program Files/Epic Games/UE_4.27/FeaturePacks/TP_RollingBP.upack)
[2021.11.08-08.38.19:187][  0]LogPakFile: OnPakFileMounted2Time == 0.000027
[2021.11.08-08.38.19:188][  0]LogPakFile: PakFile PrimaryIndexSize=188
[2021.11.08-08.38.19:188][  0]LogPakFile: PakFile PathHashIndexSize=101
[2021.11.08-08.38.19:188][  0]LogPakFile: PakFile FullDirectoryIndexSize=150
[2021.11.08-08.38.19:188][  0]LogShaderLibrary: Display: ShaderCodeLibraryPakFileMountedCallback: PakFile 'C:/Program Files/Epic Games/UE_4.27/FeaturePacks/TP_SideScroller.upack' (chunk index -1, root 'root:/') mounted
[2021.11.08-08.38.19:188][  0]LogShaderLibrary: Display: ShaderCodeLibraryPakFileMountedCallback: pending pak file info (ChunkID:-1 Root:root:/ File:C:/Program Files/Epic Games/UE_4.27/FeaturePacks/TP_SideScroller.upack)
[2021.11.08-08.38.19:188][  0]LogPakFile: OnPakFileMounted2Time == 0.000027
[2021.11.08-08.38.19:188][  0]LogPakFile: PakFile PrimaryIndexSize=190
[2021.11.08-08.38.19:188][  0]LogPakFile: PakFile PathHashIndexSize=101
[2021.11.08-08.38.19:188][  0]LogPakFile: PakFile FullDirectoryIndexSize=154
[2021.11.08-08.38.19:188][  0]LogShaderLibrary: Display: ShaderCodeLibraryPakFileMountedCallback: PakFile 'C:/Program Files/Epic Games/UE_4.27/FeaturePacks/TP_SideScrollerBP.upack' (chunk index -1, root 'root:/') mounted
[2021.11.08-08.38.19:188][  0]LogShaderLibrary: Display: ShaderCodeLibraryPakFileMountedCallback: pending pak file info (ChunkID:-1 Root:root:/ File:C:/Program Files/Epic Games/UE_4.27/FeaturePacks/TP_SideScrollerBP.upack)
[2021.11.08-08.38.19:188][  0]LogPakFile: OnPakFileMounted2Time == 0.000027
[2021.11.08-08.38.19:188][  0]LogPakFile: PakFile PrimaryIndexSize=187
[2021.11.08-08.38.19:188][  0]LogPakFile: PakFile PathHashIndexSize=101
[2021.11.08-08.38.19:188][  0]LogPakFile: PakFile FullDirectoryIndexSize=148
[2021.11.08-08.38.19:188][  0]LogShaderLibrary: Display: ShaderCodeLibraryPakFileMountedCallback: PakFile 'C:/Program Files/Epic Games/UE_4.27/FeaturePacks/TP_ThirdPerson.upack' (chunk index -1, root 'root:/') mounted
[2021.11.08-08.38.19:188][  0]LogShaderLibrary: Display: ShaderCodeLibraryPakFileMountedCallback: pending pak file info (ChunkID:-1 Root:root:/ File:C:/Program Files/Epic Games/UE_4.27/FeaturePacks/TP_ThirdPerson.upack)
[2021.11.08-08.38.19:188][  0]LogPakFile: OnPakFileMounted2Time == 0.000027
[2021.11.08-08.38.19:189][  0]LogPakFile: PakFile PrimaryIndexSize=189
[2021.11.08-08.38.19:189][  0]LogPakFile: PakFile PathHashIndexSize=101
[2021.11.08-08.38.19:189][  0]LogPakFile: PakFile FullDirectoryIndexSize=152
[2021.11.08-08.38.19:189][  0]LogShaderLibrary: Display: ShaderCodeLibraryPakFileMountedCallback: PakFile 'C:/Program Files/Epic Games/UE_4.27/FeaturePacks/TP_ThirdPersonBP.upack' (chunk index -1, root 'root:/') mounted
[2021.11.08-08.38.19:189][  0]LogShaderLibrary: Display: ShaderCodeLibraryPakFileMountedCallback: pending pak file info (ChunkID:-1 Root:root:/ File:C:/Program Files/Epic Games/UE_4.27/FeaturePacks/TP_ThirdPersonBP.upack)
[2021.11.08-08.38.19:189][  0]LogPakFile: OnPakFileMounted2Time == 0.000029
[2021.11.08-08.38.19:189][  0]LogPakFile: PakFile PrimaryIndexSize=183
[2021.11.08-08.38.19:189][  0]LogPakFile: PakFile PathHashIndexSize=101
[2021.11.08-08.38.19:189][  0]LogPakFile: PakFile FullDirectoryIndexSize=140
[2021.11.08-08.38.19:189][  0]LogShaderLibrary: Display: ShaderCodeLibraryPakFileMountedCallback: PakFile 'C:/Program Files/Epic Games/UE_4.27/FeaturePacks/TP_TopDown.upack' (chunk index -1, root 'root:/') mounted
[2021.11.08-08.38.19:189][  0]LogShaderLibrary: Display: ShaderCodeLibraryPakFileMountedCallback: pending pak file info (ChunkID:-1 Root:root:/ File:C:/Program Files/Epic Games/UE_4.27/FeaturePacks/TP_TopDown.upack)
[2021.11.08-08.38.19:189][  0]LogPakFile: OnPakFileMounted2Time == 0.000033
[2021.11.08-08.38.19:190][  0]LogPakFile: PakFile PrimaryIndexSize=185
[2021.11.08-08.38.19:190][  0]LogPakFile: PakFile PathHashIndexSize=101
[2021.11.08-08.38.19:190][  0]LogPakFile: PakFile FullDirectoryIndexSize=144
[2021.11.08-08.38.19:190][  0]LogShaderLibrary: Display: ShaderCodeLibraryPakFileMountedCallback: PakFile 'C:/Program Files/Epic Games/UE_4.27/FeaturePacks/TP_TopDownBP.upack' (chunk index -1, root 'root:/') mounted
[2021.11.08-08.38.19:190][  0]LogShaderLibrary: Display: ShaderCodeLibraryPakFileMountedCallback: pending pak file info (ChunkID:-1 Root:root:/ File:C:/Program Files/Epic Games/UE_4.27/FeaturePacks/TP_TopDownBP.upack)
[2021.11.08-08.38.19:190][  0]LogPakFile: OnPakFileMounted2Time == 0.000030
[2021.11.08-08.38.19:190][  0]LogPakFile: PakFile PrimaryIndexSize=185
[2021.11.08-08.38.19:190][  0]LogPakFile: PakFile PathHashIndexSize=101
[2021.11.08-08.38.19:190][  0]LogPakFile: PakFile FullDirectoryIndexSize=144
[2021.11.08-08.38.19:190][  0]LogShaderLibrary: Display: ShaderCodeLibraryPakFileMountedCallback: PakFile 'C:/Program Files/Epic Games/UE_4.27/FeaturePacks/TP_TwinStick.upack' (chunk index -1, root 'root:/') mounted
[2021.11.08-08.38.19:190][  0]LogShaderLibrary: Display: ShaderCodeLibraryPakFileMountedCallback: pending pak file info (ChunkID:-1 Root:root:/ File:C:/Program Files/Epic Games/UE_4.27/FeaturePacks/TP_TwinStick.upack)
[2021.11.08-08.38.19:190][  0]LogPakFile: OnPakFileMounted2Time == 0.000027
[2021.11.08-08.38.19:190][  0]LogPakFile: PakFile PrimaryIndexSize=187
[2021.11.08-08.38.19:190][  0]LogPakFile: PakFile PathHashIndexSize=101
[2021.11.08-08.38.19:190][  0]LogPakFile: PakFile FullDirectoryIndexSize=148
[2021.11.08-08.38.19:190][  0]LogShaderLibrary: Display: ShaderCodeLibraryPakFileMountedCallback: PakFile 'C:/Program Files/Epic Games/UE_4.27/FeaturePacks/TP_TwinStickBP.upack' (chunk index -1, root 'root:/') mounted
[2021.11.08-08.38.19:190][  0]LogShaderLibrary: Display: ShaderCodeLibraryPakFileMountedCallback: pending pak file info (ChunkID:-1 Root:root:/ File:C:/Program Files/Epic Games/UE_4.27/FeaturePacks/TP_TwinStickBP.upack)
[2021.11.08-08.38.19:190][  0]LogPakFile: OnPakFileMounted2Time == 0.000028
[2021.11.08-08.38.19:191][  0]LogPakFile: PakFile PrimaryIndexSize=183
[2021.11.08-08.38.19:191][  0]LogPakFile: PakFile PathHashIndexSize=101
[2021.11.08-08.38.19:191][  0]LogPakFile: PakFile FullDirectoryIndexSize=140
[2021.11.08-08.38.19:191][  0]LogShaderLibrary: Display: ShaderCodeLibraryPakFileMountedCallback: PakFile 'C:/Program Files/Epic Games/UE_4.27/FeaturePacks/TP_Vehicle.upack' (chunk index -1, root 'root:/') mounted
[2021.11.08-08.38.19:191][  0]LogShaderLibrary: Display: ShaderCodeLibraryPakFileMountedCallback: pending pak file info (ChunkID:-1 Root:root:/ File:C:/Program Files/Epic Games/UE_4.27/FeaturePacks/TP_Vehicle.upack)
[2021.11.08-08.38.19:191][  0]LogPakFile: OnPakFileMounted2Time == 0.000027
[2021.11.08-08.38.19:191][  0]LogPakFile: PakFile PrimaryIndexSize=186
[2021.11.08-08.38.19:191][  0]LogPakFile: PakFile PathHashIndexSize=101
[2021.11.08-08.38.19:191][  0]LogPakFile: PakFile FullDirectoryIndexSize=146
[2021.11.08-08.38.19:191][  0]LogShaderLibrary: Display: ShaderCodeLibraryPakFileMountedCallback: PakFile 'C:/Program Files/Epic Games/UE_4.27/FeaturePacks/TP_VehicleAdv.upack' (chunk index -1, root 'root:/') mounted
[2021.11.08-08.38.19:191][  0]LogShaderLibrary: Display: ShaderCodeLibraryPakFileMountedCallback: pending pak file info (ChunkID:-1 Root:root:/ File:C:/Program Files/Epic Games/UE_4.27/FeaturePacks/TP_VehicleAdv.upack)
[2021.11.08-08.38.19:191][  0]LogPakFile: OnPakFileMounted2Time == 0.000031
[2021.11.08-08.38.19:192][  0]LogPakFile: PakFile PrimaryIndexSize=188
[2021.11.08-08.38.19:192][  0]LogPakFile: PakFile PathHashIndexSize=101
[2021.11.08-08.38.19:192][  0]LogPakFile: PakFile FullDirectoryIndexSize=150
[2021.11.08-08.38.19:192][  0]LogShaderLibrary: Display: ShaderCodeLibraryPakFileMountedCallback: PakFile 'C:/Program Files/Epic Games/UE_4.27/FeaturePacks/TP_VehicleAdvBP.upack' (chunk index -1, root 'root:/') mounted
[2021.11.08-08.38.19:192][  0]LogShaderLibrary: Display: ShaderCodeLibraryPakFileMountedCallback: pending pak file info (ChunkID:-1 Root:root:/ File:C:/Program Files/Epic Games/UE_4.27/FeaturePacks/TP_VehicleAdvBP.upack)
[2021.11.08-08.38.19:192][  0]LogPakFile: OnPakFileMounted2Time == 0.000029
[2021.11.08-08.38.19:192][  0]LogPakFile: PakFile PrimaryIndexSize=185
[2021.11.08-08.38.19:192][  0]LogPakFile: PakFile PathHashIndexSize=101
[2021.11.08-08.38.19:192][  0]LogPakFile: PakFile FullDirectoryIndexSize=144
[2021.11.08-08.38.19:192][  0]LogShaderLibrary: Display: ShaderCodeLibraryPakFileMountedCallback: PakFile 'C:/Program Files/Epic Games/UE_4.27/FeaturePacks/TP_VehicleBP.upack' (chunk index -1, root 'root:/') mounted
[2021.11.08-08.38.19:192][  0]LogShaderLibrary: Display: ShaderCodeLibraryPakFileMountedCallback: pending pak file info (ChunkID:-1 Root:root:/ File:C:/Program Files/Epic Games/UE_4.27/FeaturePacks/TP_VehicleBP.upack)
[2021.11.08-08.38.19:192][  0]LogPakFile: OnPakFileMounted2Time == 0.000027
[2021.11.08-08.38.19:193][  0]LogPakFile: PakFile PrimaryIndexSize=192
[2021.11.08-08.38.19:193][  0]LogPakFile: PakFile PathHashIndexSize=101
[2021.11.08-08.38.19:193][  0]LogPakFile: PakFile FullDirectoryIndexSize=158
[2021.11.08-08.38.19:193][  0]LogShaderLibrary: Display: ShaderCodeLibraryPakFileMountedCallback: PakFile 'C:/Program Files/Epic Games/UE_4.27/FeaturePacks/TP_VirtualRealityBP.upack' (chunk index -1, root 'root:/') mounted
[2021.11.08-08.38.19:193][  0]LogShaderLibrary: Display: ShaderCodeLibraryPakFileMountedCallback: pending pak file info (ChunkID:-1 Root:root:/ File:C:/Program Files/Epic Games/UE_4.27/FeaturePacks/TP_VirtualRealityBP.upack)
[2021.11.08-08.38.19:193][  0]LogPakFile: OnPakFileMounted2Time == 0.000030
[2021.11.08-08.38.19:226][  0]LogNativeClassHierarchy: Verbose: Native class hierarchy updated for 'AddContentDialog' in 0.0003 seconds. Added 0 classes and 0 folders.
[2021.11.08-08.38.19:230][  0]LogNativeClassHierarchy: Verbose: Native class hierarchy updated for 'SceneOutliner' in 0.0002 seconds. Added 2 classes and 0 folders.
[2021.11.08-08.38.19:328][  0]LogSlate: Took 0.000150 seconds to synchronously load lazily loaded font '../../../Engine/Content/Slate/Fonts/Roboto-Regular.ttf' (155K)
[2021.11.08-08.38.19:329][  0]LogSlate: Took 0.000095 seconds to synchronously load lazily loaded font '../../../Engine/Content/Editor/Slate/Fonts/FontAwesome.ttf' (139K)
[2021.11.08-08.38.19:331][  0]LogSlate: Took 0.001477 seconds to synchronously load lazily loaded font '../../../Engine/Content/Editor/Slate/Fonts/NanumGothic.ttf' (4243K)
[2021.11.08-08.38.19:333][  0]LogSlate: Took 0.001527 seconds to synchronously load lazily loaded font '../../../Engine/Content/Editor/Slate/Fonts/NanumGothicBold.ttf' (4188K)
[2021.11.08-08.38.19:333][  0]LogSlate: Took 0.000087 seconds to synchronously load lazily loaded font '../../../Engine/Content/Slate/Fonts/Roboto-Bold.ttf' (160K)
[2021.11.08-08.38.19:401][  0]LogRenderer: Reallocating scene render targets to support 840x404 Format 10 NumSamples 1 (Frame:1).
[2021.11.08-08.38.19:463][  0]LogNativeClassHierarchy: Verbose: Native class hierarchy updated for 'HierarchicalLODOutliner' in 0.0002 seconds. Added 0 classes and 0 folders.
[2021.11.08-08.38.19:463][  0]LogInput: Warning: Action Jump uses invalid key OculusGo_Left_Trigger_Click.
[2021.11.08-08.38.19:463][  0]LogInput: Warning: Action ResetVR uses invalid key OculusGo_Left_Trackpad_Click.
[2021.11.08-08.38.19:463][  0]LogInput: Warning: Use -RemoveInvalidKeys to remove instances of these keys from the action mapping.
[2021.11.08-08.38.19:463][  0]LogLoad: (Engine Initialization) Total time: 6.19 seconds
[2021.11.08-08.38.19:463][  0]LogLoad: (Engine Initialization) Total Blueprint compile time: 0.00 seconds
[2021.11.08-08.38.19:704][  0]LogAssetRegistry: Asset discovery search completed in 3.8294 seconds
[2021.11.08-08.38.19:708][  0]LogCollectionManager: Fixed up redirectors for 0 collections in 0.000003 seconds (updated 0 objects)
[2021.11.08-08.38.19:709][  0]LogContentStreaming: Texture pool size now 1000 MB
[2021.11.08-08.38.20:161][  2]LogSlate: Took 0.000078 seconds to synchronously load lazily loaded font '../../../Engine/Content/Slate/Fonts/Roboto-Light.ttf' (167K)
[2021.11.08-08.38.20:824][  4]LogSlate: Took 0.000130 seconds to synchronously load lazily loaded font '../../../Engine/Content/Slate/Fonts/Roboto-Light.ttf' (167K)
[2021.11.08-08.38.37:126][243]LogFactory: FactoryCreateFile: StaticMesh with FbxFactory (0 0 C:\UE4\SquidGame\BackupAssets\squid-game-giant-doll\blender\body.fbx)
[2021.11.08-08.38.37:141][243]LogFbx: Loading FBX Scene from C:\UE4\SquidGame\BackupAssets\squid-game-giant-doll\blender\body.fbx
[2021.11.08-08.38.37:206][243]LogFbx: FBX Scene Loaded Succesfully
[2021.11.08-08.38.50:158][243]LogSlate: Window 'FBX 임포트 옵션' being destroyed
[2021.11.08-08.38.50:181][243]LogFbx: Display: Triangulating static mesh squidGameDoll_Arm
[2021.11.08-08.38.51:524][243]LogFbx: Display: Triangulating static mesh squidGameDoll_Chest
[2021.11.08-08.38.51:785][243]LogFbx: Display: Triangulating static mesh squidGameDoll_Body
[2021.11.08-08.38.52:352][243]LogStaticMesh: body 스태틱 메시 빌드중...
[2021.11.08-08.38.53:413][243]LogStaticMesh: Built static mesh [1.05s] /Game/Asset/body.body
[2021.11.08-08.38.54:071][243]FBXImport: Warning: 이 FBX 씬에 스무딩 그룹 정보가 없습니다. FBX 익스포트 플러그인에서 파일을 익스포트하기 전, 'Export Smoothing Groups' (스무딩 그룹 익스포트)를 켰는지 확인해 주시기 바랍니다. 스무딩 그룹을 지원하지 않는 툴의 경우에도, 임포트시 버텍스 노멀을 제대로 유추할 수 있도록 FBX 익스포터가 익스포트 시 적합한 스무딩 데이터를 생성해 줍니다. 
[2021.11.08-08.38.54:459][243]LogSlate: Took 0.000057 seconds to synchronously load lazily loaded font '../../../Engine/Content/Slate/Fonts/DroidSansMono.ttf' (77K)
[2021.11.08-08.38.54:461][243]LogSlate: Took 0.001644 seconds to synchronously load lazily loaded font '../../../Engine/Content/Editor/Slate/Fonts/NanumGothicExtraBold.ttf' (4074K)
[2021.11.08-08.38.55:770][313]LogSlate: Window '메시지 로그' being destroyed
[2021.11.08-08.38.55:772][313]LogSlate: Window '메시지 로그' being destroyed
[2021.11.08-08.38.57:217][398]LogAssetEditorSubsystem: Opening Asset editor for StaticMesh /Game/Asset/body.body
[2021.11.08-08.38.57:334][398]LogTexture: Default maximum texture size for cubemaps generated from long-lat sources has been changed from 512 to unlimited. In order to preserve old behaiour for '/Engine/EditorMaterials/AssetViewer/EpicQuadPanorama_CC+EV1.EpicQuadPanorama_CC+EV1', its maximum texture size has been explicitly set to 512.
[2021.11.08-08.38.57:409][398]LogTexture: Default maximum texture size for cubemaps generated from long-lat sources has been changed from 512 to unlimited. In order to preserve old behaiour for '/Engine/MapTemplates/Sky/SunsetAmbientCubemap.SunsetAmbientCubemap', its maximum texture size has been explicitly set to 512.
[2021.11.08-08.38.57:758][398]LogRenderer: Reallocating scene render targets to support 1144x704 Format 10 NumSamples 1 (Frame:1).
[2021.11.08-08.38.57:758][398]LogSlate: Took 0.000159 seconds to synchronously load lazily loaded font '../../../Engine/Content/Slate/Fonts/Roboto-Italic.ttf' (157K)
[2021.11.08-08.38.59:804][519]LogSlate: Window 'body' being destroyed
[2021.11.08-08.38.59:807][519]LogWorld: UWorld::CleanupWorld for World_3, bSessionEnded=true, bCleanupResources=true
[2021.11.08-08.38.59:807][519]LogSlate: InvalidateAllWidgets triggered.  All widgets were invalidated
[2021.11.08-08.39.01:962][638]LogEditorClassViewer: Warning: Class /Engine/Tutorial/InWorldBlueprintEditing/TutorialAssets/IWBE_Blutility.IWBE_Blutility_C has parent /Script/Blutility.PlacedEditorUtilityBase, but this parent is not found. The Class will not be shown in ClassViewer.
[2021.11.08-08.39.02:962][638]LogSlate: Window '부모 클래스 선택' being destroyed
[2021.11.08-08.39.02:965][638]LogContentBrowser: Deferred new asset file creation: NewBlueprint
[2021.11.08-08.39.02:971][638]LogContentBrowser: Creating deferred item: NewBlueprint
[2021.11.08-08.39.04:210][709]LogContentBrowser: Attempting asset rename: NewBlueprint -> NewBlueprint
[2021.11.08-08.39.04:213][709]LogContentBrowser: End creating deferred item NewBlueprint
[2021.11.08-08.39.04:646][733]LogAssetEditorSubsystem: Opening Asset editor for Blueprint /Game/Asset/NewBlueprint.NewBlueprint
[2021.11.08-08.39.04:844][733]LogNativeClassHierarchy: Verbose: Native class hierarchy updated for 'BlueprintGraph' in 0.0007 seconds. Added 126 classes and 0 folders.
[2021.11.08-08.39.14:268][206]LogSlate: Window 'NewBlueprint' being destroyed
[2021.11.08-08.39.25:636][867]LogWorld: UWorld::CleanupWorld for World_4, bSessionEnded=true, bCleanupResources=true
[2021.11.08-08.39.25:636][867]LogSlate: InvalidateAllWidgets triggered.  All widgets were invalidated
[2021.11.08-08.39.30:964][179]LogUObjectHash: Compacting FUObjectHashTables data took   3.09ms
[2021.11.08-08.39.31:936][179]LogSlate: Window 'Delete Assets' being destroyed
[2021.11.08-08.39.31:983][179]LogUObjectGlobals: Force Deleting 1 Package(s):
	Asset Name: /Game/Asset/NewBlueprint.NewBlueprint
[2021.11.08-08.39.33:014][179]LogUObjectHash: Compacting FUObjectHashTables data took   2.76ms
[2021.11.08-08.39.33:046][179]LogUObjectHash: Compacting FUObjectHashTables data took   1.58ms
[2021.11.08-08.39.36:061][353]LogContentBrowser: Attempting asset rename: body -> body
[2021.11.08-08.39.46:693][984]LogAssetEditorSubsystem: Opening Asset editor for StaticMesh /Game/Asset/Giantdoll/Mesh/SM_squidGame_Doll_Body.SM_squidGame_Doll_Body
[2021.11.08-08.39.49:586][136]LogSlate: Window 'SM_squidGame_Doll_Body' being destroyed
[2021.11.08-08.39.49:608][136]LogWorld: UWorld::CleanupWorld for World_6, bSessionEnded=true, bCleanupResources=true
[2021.11.08-08.39.49:608][136]LogSlate: InvalidateAllWidgets triggered.  All widgets were invalidated
[2021.11.08-08.39.54:786][441]LogAssetEditorSubsystem: Opening Asset editor for StaticMesh /Game/Asset/body.body
[2021.11.08-08.40.15:822][601]Cmd: OBJ SAVEPACKAGE PACKAGE="/Game/Asset/body" FILE="../../../../../../UE4/SquidGame/Content/Asset/body.uasset" SILENT=true
[2021.11.08-08.40.16:005][601]LogSavePackage: Moving '../../../../../../UE4/SquidGame/Saved/bodyF181454F4851BCFD30D37CBEEDDEBC4A.tmp' to '../../../../../../UE4/SquidGame/Content/Asset/body.uasset'
[2021.11.08-08.40.16:015][601]AssetCheck: New page: 에셋 저장:  body
[2021.11.08-08.40.16:015][601]LogContentValidation: Display: StaticMesh /Game/Asset/body.body 유효성 검사 중
[2021.11.08-08.40.16:957][653]LogSlate: Window 'body' being destroyed
[2021.11.08-08.40.16:962][653]LogWorld: UWorld::CleanupWorld for World_7, bSessionEnded=true, bCleanupResources=true
[2021.11.08-08.40.16:962][653]LogSlate: InvalidateAllWidgets triggered.  All widgets were invalidated
